[22:57:08.942] Global cache location '/home/monster/spacemacs/.cache/typescript/4.6', safe file path '/usr/lib/node_modules/typescript/lib/typingSafeList.json', types map path /usr/lib/node_modules/typescript/lib/typesMap.json
[22:57:08.943] Processing cache location '/home/monster/spacemacs/.cache/typescript/4.6'
[22:57:08.943] Trying to find '/home/monster/spacemacs/.cache/typescript/4.6/package.json'...
[22:57:08.943] Loaded content of '/home/monster/spacemacs/.cache/typescript/4.6/package.json': {"private":true,"dependencies":{"types-registry":"^0.1.592"},"devDependencies":{"@types/eslint":"^8.4.2","@types/isomorphic-fetch":"^0.0.36","@types/node":"^17.0.33","@types/react":"^18.0.9","@types/react-dom":"^18.0.4"}}
[22:57:08.943] Loaded content of '/home/monster/spacemacs/.cache/typescript/4.6/package-lock.json'
[22:57:08.952] Adding entry into typings cache: 'eslint' => '/home/monster/spacemacs/.cache/typescript/4.6/node_modules/@types/eslint/index.d.ts'
[22:57:08.953] Adding entry into typings cache: 'isomorphic-fetch' => '/home/monster/spacemacs/.cache/typescript/4.6/node_modules/@types/isomorphic-fetch/index.d.ts'
[22:57:08.956] Adding entry into typings cache: 'node' => '/home/monster/spacemacs/.cache/typescript/4.6/node_modules/@types/node/index.d.ts'
[22:57:08.959] Adding entry into typings cache: 'react' => '/home/monster/spacemacs/.cache/typescript/4.6/node_modules/@types/react/index.d.ts'
[22:57:08.960] Adding entry into typings cache: 'react-dom' => '/home/monster/spacemacs/.cache/typescript/4.6/node_modules/@types/react-dom/index.d.ts'
[22:57:08.960] Finished processing cache location '/home/monster/spacemacs/.cache/typescript/4.6'
[22:57:08.960] Process id: 20897
[22:57:08.960] NPM location: /usr/bin/npm (explicit '--npmLocation' not  provided)
[22:57:08.960] validateDefaultNpmLocation: false
[22:57:08.960] Npm config file: /home/monster/spacemacs/.cache/typescript/4.6/package.json
[22:57:08.960] Updating types-registry npm package...
[22:57:08.961] Exec: /usr/bin/npm install --ignore-scripts types-registry@latest
[22:57:10.305]     Succeeded. stdout:
    
    up to date, audited 12 packages in 1s

found 0 vulnerabilities

[22:57:10.305] Updated types-registry npm package
