[23:38:06.930] Global cache location '/home/monster/spacemacs/.cache/typescript/4.6', safe file path '/usr/lib/node_modules/typescript/lib/typingSafeList.json', types map path /usr/lib/node_modules/typescript/lib/typesMap.json
[23:38:06.931] Processing cache location '/home/monster/spacemacs/.cache/typescript/4.6'
[23:38:06.931] Trying to find '/home/monster/spacemacs/.cache/typescript/4.6/package.json'...
[23:38:06.931] Loaded content of '/home/monster/spacemacs/.cache/typescript/4.6/package.json': {"private":true,"dependencies":{"types-registry":"^0.1.592"},"devDependencies":{"@types/eslint":"^8.4.2","@types/isomorphic-fetch":"^0.0.36","@types/node":"^17.0.33","@types/react":"^18.0.9","@types/react-dom":"^18.0.4"}}
[23:38:06.931] Loaded content of '/home/monster/spacemacs/.cache/typescript/4.6/package-lock.json'
[23:38:06.939] Adding entry into typings cache: 'eslint' => '/home/monster/spacemacs/.cache/typescript/4.6/node_modules/@types/eslint/index.d.ts'
[23:38:06.941] Adding entry into typings cache: 'isomorphic-fetch' => '/home/monster/spacemacs/.cache/typescript/4.6/node_modules/@types/isomorphic-fetch/index.d.ts'
[23:38:06.943] Adding entry into typings cache: 'node' => '/home/monster/spacemacs/.cache/typescript/4.6/node_modules/@types/node/index.d.ts'
[23:38:06.947] Adding entry into typings cache: 'react' => '/home/monster/spacemacs/.cache/typescript/4.6/node_modules/@types/react/index.d.ts'
[23:38:06.948] Adding entry into typings cache: 'react-dom' => '/home/monster/spacemacs/.cache/typescript/4.6/node_modules/@types/react-dom/index.d.ts'
[23:38:06.948] Finished processing cache location '/home/monster/spacemacs/.cache/typescript/4.6'
[23:38:06.948] Process id: 28634
[23:38:06.948] NPM location: /usr/bin/npm (explicit '--npmLocation' not  provided)
[23:38:06.948] validateDefaultNpmLocation: false
[23:38:06.948] Npm config file: /home/monster/spacemacs/.cache/typescript/4.6/package.json
[23:38:06.948] Updating types-registry npm package...
[23:38:06.948] Exec: /usr/bin/npm install --ignore-scripts types-registry@latest
[23:38:07.648]     Succeeded. stdout:
    
    up to date, audited 12 packages in 516ms

found 0 vulnerabilities

[23:38:07.648] Updated types-registry npm package
