[23:07:06.018] Global cache location '/home/monster/spacemacs/.cache/typescript/4.6', safe file path '/usr/lib/node_modules/typescript/lib/typingSafeList.json', types map path /usr/lib/node_modules/typescript/lib/typesMap.json
[23:07:06.018] Processing cache location '/home/monster/spacemacs/.cache/typescript/4.6'
[23:07:06.019] Trying to find '/home/monster/spacemacs/.cache/typescript/4.6/package.json'...
[23:07:06.019] Loaded content of '/home/monster/spacemacs/.cache/typescript/4.6/package.json': {"private":true,"dependencies":{"types-registry":"^0.1.592"},"devDependencies":{"@types/eslint":"^8.4.2","@types/isomorphic-fetch":"^0.0.36","@types/node":"^17.0.33","@types/react":"^18.0.9","@types/react-dom":"^18.0.4"}}
[23:07:06.019] Loaded content of '/home/monster/spacemacs/.cache/typescript/4.6/package-lock.json'
[23:07:06.028] Adding entry into typings cache: 'eslint' => '/home/monster/spacemacs/.cache/typescript/4.6/node_modules/@types/eslint/index.d.ts'
[23:07:06.029] Adding entry into typings cache: 'isomorphic-fetch' => '/home/monster/spacemacs/.cache/typescript/4.6/node_modules/@types/isomorphic-fetch/index.d.ts'
[23:07:06.032] Adding entry into typings cache: 'node' => '/home/monster/spacemacs/.cache/typescript/4.6/node_modules/@types/node/index.d.ts'
[23:07:06.035] Adding entry into typings cache: 'react' => '/home/monster/spacemacs/.cache/typescript/4.6/node_modules/@types/react/index.d.ts'
[23:07:06.036] Adding entry into typings cache: 'react-dom' => '/home/monster/spacemacs/.cache/typescript/4.6/node_modules/@types/react-dom/index.d.ts'
[23:07:06.036] Finished processing cache location '/home/monster/spacemacs/.cache/typescript/4.6'
[23:07:06.036] Process id: 22536
[23:07:06.036] NPM location: /usr/bin/npm (explicit '--npmLocation' not  provided)
[23:07:06.036] validateDefaultNpmLocation: false
[23:07:06.036] Npm config file: /home/monster/spacemacs/.cache/typescript/4.6/package.json
[23:07:06.037] Updating types-registry npm package...
[23:07:06.037] Exec: /usr/bin/npm install --ignore-scripts types-registry@latest
[23:07:06.728]     Succeeded. stdout:
    
    up to date, audited 12 packages in 506ms

found 0 vulnerabilities

[23:07:06.728] Updated types-registry npm package
