[23:16:18.861] Global cache location '/home/monster/spacemacs/.cache/typescript/4.6', safe file path '/home/monster/app/nextpress/frontend/node_modules/typescript/lib/typingSafeList.json', types map path /home/monster/app/nextpress/frontend/node_modules/typescript/lib/typesMap.json
[23:16:18.862] Processing cache location '/home/monster/spacemacs/.cache/typescript/4.6'
[23:16:18.862] Trying to find '/home/monster/spacemacs/.cache/typescript/4.6/package.json'...
[23:16:18.862] Loaded content of '/home/monster/spacemacs/.cache/typescript/4.6/package.json': {"private":true,"dependencies":{"types-registry":"^0.1.592"},"devDependencies":{"@types/eslint":"^8.4.2","@types/isomorphic-fetch":"^0.0.36","@types/node":"^17.0.33","@types/react":"^18.0.9","@types/react-dom":"^18.0.4"}}
[23:16:18.863] Loaded content of '/home/monster/spacemacs/.cache/typescript/4.6/package-lock.json'
[23:16:18.871] Adding entry into typings cache: 'eslint' => '/home/monster/spacemacs/.cache/typescript/4.6/node_modules/@types/eslint/index.d.ts'
[23:16:18.872] Adding entry into typings cache: 'isomorphic-fetch' => '/home/monster/spacemacs/.cache/typescript/4.6/node_modules/@types/isomorphic-fetch/index.d.ts'
[23:16:18.875] Adding entry into typings cache: 'node' => '/home/monster/spacemacs/.cache/typescript/4.6/node_modules/@types/node/index.d.ts'
[23:16:18.879] Adding entry into typings cache: 'react' => '/home/monster/spacemacs/.cache/typescript/4.6/node_modules/@types/react/index.d.ts'
[23:16:18.880] Adding entry into typings cache: 'react-dom' => '/home/monster/spacemacs/.cache/typescript/4.6/node_modules/@types/react-dom/index.d.ts'
[23:16:18.880] Finished processing cache location '/home/monster/spacemacs/.cache/typescript/4.6'
[23:16:18.880] Process id: 24908
[23:16:18.880] NPM location: /usr/bin/npm (explicit '--npmLocation' not  provided)
[23:16:18.880] validateDefaultNpmLocation: false
[23:16:18.880] Npm config file: /home/monster/spacemacs/.cache/typescript/4.6/package.json
[23:16:18.880] Updating types-registry npm package...
[23:16:18.880] Exec: /usr/bin/npm install --ignore-scripts types-registry@latest
[23:16:19.620]     Succeeded. stdout:
    
    up to date, audited 12 packages in 544ms

found 0 vulnerabilities

[23:16:19.620] Updated types-registry npm package
