[05:13:11.850] Global cache location '/home/monster/spacemacs/.cache/typescript/4.5', safe file path '/usr/lib/node_modules/typescript/lib/typingSafeList.json', types map path /usr/lib/node_modules/typescript/lib/typesMap.json
[05:13:11.851] Processing cache location '/home/monster/spacemacs/.cache/typescript/4.5'
[05:13:11.851] Trying to find '/home/monster/spacemacs/.cache/typescript/4.5/package.json'...
[05:13:11.856] Loaded content of '/home/monster/spacemacs/.cache/typescript/4.5/package.json': {"private":true,"dependencies":{"types-registry":"^0.1.592"},"devDependencies":{"@types/argparse":"^2.0.10","@types/aria-query":"^5.0.0","@types/array.prototype.flat":"^1.2.1","@types/array.prototype.flatmap":"^1.2.2","@types/babel-plugin-macros":"^2.8.5","@types/balanced-match":"^1.0.2","@types/brace-expansion":"^1.1.0","@types/braces":"^3.0.1","@types/call-bind":"^1.0.0","@types/caniuse-lite":"^1.0.1","@types/color-convert":"^2.0.0","@types/color-name":"^1.1.1","@types/concat-map":"^0.0.1","@types/convert-source-map":"^1.5.2","@types/cross-spawn":"^6.0.2","@types/damerau-levenshtein":"^1.0.0","@types/debug":"^4.1.7","@types/define-properties":"^1.1.3","@types/dir-glob":"^2.0.1","@types/doctrine":"^0.0.5","@types/es-abstract":"^1.17.3","@types/es-to-primitive":"^1.2.4","@types/eslint":"^8.4.2","@types/eslint-scope":"^3.7.3","@types/eslint-utils":"^3.0.1","@types/esquery":"^1.0.2","@types/estraverse":"^5.1.1","@types/esutils":"^2.0.0","@types/fast-levenshtein":"^0.0.2","@types/file-entry-cache":"^5.0.2","@types/fill-range":"^7.0.0","@types/find-root":"^1.1.2","@types/flat-cache":"^2.0.0","@types/function-bind":"^1.1.6","@types/functional-red-black-tree":"^1.0.1","@types/get-intrinsic":"^1.0.0","@types/glob":"^7.2.0","@types/glob-parent":"^5.1.1","@types/has":"^1.0.0","@types/has-symbols":"^1.0.0","@types/hoist-non-react-statics":"^3.3.1","@types/imurmurhash":"^0.1.1","@types/inherits":"^0.0.30","@types/internal-slot":"^1.0.1","@types/is-bigint":"^1.0.0","@types/is-boolean-object":"^1.1.0","@types/is-callable":"^1.1.0","@types/is-core-module":"^2.2.0","@types/is-date-object":"^1.0.2","@types/is-glob":"^4.0.2","@types/is-number":"^7.0.3","@types/is-regex":"^1.0.0","@types/is-string":"^1.0.0","@types/isexe":"^2.0.1","@types/isomorphic-fetch":"^0.0.36","@types/js-yaml":"^4.0.5","@types/jsesc":"^3.0.1","@types/language-tags":"^1.0.0","@types/lodash.merge":"^4.6.7","@types/lru-cache":"^7.6.1","@types/merge2":"^1.3.1","@types/micromatch":"^4.0.2","@types/minimatch":"^3.0.5","@types/minimist":"^1.2.2","@types/ms":"^0.7.31","@types/natural-compare":"^1.4.1","@types/node":"^17.0.33","@types/node-fetch":"^2.6.1","@types/object-assign":"^4.0.30","@types/object-inspect":"^1.8.1","@types/object-keys":"^1.0.1","@types/object.fromentries":"^2.0.1","@types/once":"^1.4.0","@types/parse-json":"^4.0.0","@types/path-is-absolute":"^1.0.0","@types/path-parse":"^1.0.19","@types/picomatch":"^2.3.0","@types/prelude-ls":"^1.1.29","@types/prop-types":"^15.7.5","@types/punycode":"^2.1.0","@types/react":"^18.0.9","@types/react-dom":"^18.0.4","@types/react-is":"^17.0.3","@types/regenerator-runtime":"^0.13.1","@types/resolve":"^1.20.2","@types/rimraf":"^3.0.2","@types/run-parallel":"^1.1.0","@types/scheduler":"^0.16.2","@types/semver":"^7.3.9","@types/shebang-command":"^1.2.0","@types/string.prototype.matchall":"^4.0.1","@types/stylis":"^4.0.2","@types/supports-color":"^8.1.1","@types/text-table":"^0.2.2","@types/to-regex-range":"^5.0.0","@types/type-check":"^0.3.27","@types/webidl-conversions":"^6.1.1","@types/whatwg-url":"^8.2.1","@types/which":"^2.0.1","@types/yallist":"^4.0.1"}}
[05:13:11.856] Loaded content of '/home/monster/spacemacs/.cache/typescript/4.5/package-lock.json'
[05:13:11.864] Adding entry into typings cache: 'argparse' => '/home/monster/spacemacs/.cache/typescript/4.5/node_modules/@types/argparse/index.d.ts'
[05:13:11.866] Adding entry into typings cache: 'aria-query' => '/home/monster/spacemacs/.cache/typescript/4.5/node_modules/@types/aria-query/index.d.ts'
[05:13:11.867] Adding entry into typings cache: 'array.prototype.flat' => '/home/monster/spacemacs/.cache/typescript/4.5/node_modules/@types/array.prototype.flat/index.d.ts'
[05:13:11.868] Adding entry into typings cache: 'array.prototype.flatmap' => '/home/monster/spacemacs/.cache/typescript/4.5/node_modules/@types/array.prototype.flatmap/index.d.ts'
[05:13:11.870] Adding entry into typings cache: 'babel-plugin-macros' => '/home/monster/spacemacs/.cache/typescript/4.5/node_modules/@types/babel-plugin-macros/index.d.ts'
[05:13:11.871] Adding entry into typings cache: 'balanced-match' => '/home/monster/spacemacs/.cache/typescript/4.5/node_modules/@types/balanced-match/index.d.ts'
[05:13:11.874] Adding entry into typings cache: 'brace-expansion' => '/home/monster/spacemacs/.cache/typescript/4.5/node_modules/@types/brace-expansion/index.d.ts'
[05:13:11.875] Adding entry into typings cache: 'braces' => '/home/monster/spacemacs/.cache/typescript/4.5/node_modules/@types/braces/index.d.ts'
[05:13:11.877] Adding entry into typings cache: 'call-bind' => '/home/monster/spacemacs/.cache/typescript/4.5/node_modules/@types/call-bind/index.d.ts'
[05:13:11.878] Adding entry into typings cache: 'caniuse-lite' => '/home/monster/spacemacs/.cache/typescript/4.5/node_modules/@types/caniuse-lite/index.d.ts'
[05:13:11.879] Adding entry into typings cache: 'color-convert' => '/home/monster/spacemacs/.cache/typescript/4.5/node_modules/@types/color-convert/index.d.ts'
[05:13:11.881] Adding entry into typings cache: 'color-name' => '/home/monster/spacemacs/.cache/typescript/4.5/node_modules/@types/color-name/index.d.ts'
[05:13:11.882] Adding entry into typings cache: 'concat-map' => '/home/monster/spacemacs/.cache/typescript/4.5/node_modules/@types/concat-map/index.d.ts'
[05:13:11.883] Adding entry into typings cache: 'convert-source-map' => '/home/monster/spacemacs/.cache/typescript/4.5/node_modules/@types/convert-source-map/index.d.ts'
[05:13:11.884] Adding entry into typings cache: 'cross-spawn' => '/home/monster/spacemacs/.cache/typescript/4.5/node_modules/@types/cross-spawn/index.d.ts'
[05:13:11.884] Adding entry into typings cache: 'damerau-levenshtein' => '/home/monster/spacemacs/.cache/typescript/4.5/node_modules/@types/damerau-levenshtein/index.d.ts'
[05:13:11.886] Adding entry into typings cache: 'debug' => '/home/monster/spacemacs/.cache/typescript/4.5/node_modules/@types/debug/index.d.ts'
[05:13:11.887] Adding entry into typings cache: 'define-properties' => '/home/monster/spacemacs/.cache/typescript/4.5/node_modules/@types/define-properties/index.d.ts'
[05:13:11.888] Adding entry into typings cache: 'dir-glob' => '/home/monster/spacemacs/.cache/typescript/4.5/node_modules/@types/dir-glob/index.d.ts'
[05:13:11.889] Adding entry into typings cache: 'doctrine' => '/home/monster/spacemacs/.cache/typescript/4.5/node_modules/@types/doctrine/index.d.ts'
[05:13:11.890] Adding entry into typings cache: 'es-abstract' => '/home/monster/spacemacs/.cache/typescript/4.5/node_modules/@types/es-abstract/index.d.ts'
[05:13:11.890] Adding entry into typings cache: 'es-to-primitive' => '/home/monster/spacemacs/.cache/typescript/4.5/node_modules/@types/es-to-primitive/index.d.ts'
[05:13:11.892] Adding entry into typings cache: 'eslint' => '/home/monster/spacemacs/.cache/typescript/4.5/node_modules/@types/eslint/index.d.ts'
[05:13:11.893] Adding entry into typings cache: 'eslint-scope' => '/home/monster/spacemacs/.cache/typescript/4.5/node_modules/@types/eslint-scope/index.d.ts'
[05:13:11.894] Adding entry into typings cache: 'eslint-utils' => '/home/monster/spacemacs/.cache/typescript/4.5/node_modules/@types/eslint-utils/index.d.ts'
[05:13:11.894] Adding entry into typings cache: 'esquery' => '/home/monster/spacemacs/.cache/typescript/4.5/node_modules/@types/esquery/index.d.ts'
[05:13:11.895] Adding entry into typings cache: 'estraverse' => '/home/monster/spacemacs/.cache/typescript/4.5/node_modules/@types/estraverse/index.d.ts'
[05:13:11.896] Adding entry into typings cache: 'esutils' => '/home/monster/spacemacs/.cache/typescript/4.5/node_modules/@types/esutils/index.d.ts'
[05:13:11.897] Adding entry into typings cache: 'fast-levenshtein' => '/home/monster/spacemacs/.cache/typescript/4.5/node_modules/@types/fast-levenshtein/index.d.ts'
[05:13:11.898] Adding entry into typings cache: 'file-entry-cache' => '/home/monster/spacemacs/.cache/typescript/4.5/node_modules/@types/file-entry-cache/index.d.ts'
[05:13:11.898] Adding entry into typings cache: 'fill-range' => '/home/monster/spacemacs/.cache/typescript/4.5/node_modules/@types/fill-range/index.d.ts'
[05:13:11.899] Adding entry into typings cache: 'find-root' => '/home/monster/spacemacs/.cache/typescript/4.5/node_modules/@types/find-root/index.d.ts'
[05:13:11.900] Adding entry into typings cache: 'flat-cache' => '/home/monster/spacemacs/.cache/typescript/4.5/node_modules/@types/flat-cache/index.d.ts'
[05:13:11.901] Adding entry into typings cache: 'function-bind' => '/home/monster/spacemacs/.cache/typescript/4.5/node_modules/@types/function-bind/index.d.ts'
[05:13:11.902] Adding entry into typings cache: 'functional-red-black-tree' => '/home/monster/spacemacs/.cache/typescript/4.5/node_modules/@types/functional-red-black-tree/index.d.ts'
[05:13:11.903] Adding entry into typings cache: 'get-intrinsic' => '/home/monster/spacemacs/.cache/typescript/4.5/node_modules/@types/get-intrinsic/index.d.ts'
[05:13:11.903] Adding entry into typings cache: 'glob' => '/home/monster/spacemacs/.cache/typescript/4.5/node_modules/@types/glob/index.d.ts'
[05:13:11.904] Adding entry into typings cache: 'glob-parent' => '/home/monster/spacemacs/.cache/typescript/4.5/node_modules/@types/glob-parent/index.d.ts'
[05:13:11.905] Adding entry into typings cache: 'has' => '/home/monster/spacemacs/.cache/typescript/4.5/node_modules/@types/has/index.d.ts'
[05:13:11.906] Adding entry into typings cache: 'has-symbols' => '/home/monster/spacemacs/.cache/typescript/4.5/node_modules/@types/has-symbols/index.d.ts'
[05:13:11.910] Adding entry into typings cache: 'hoist-non-react-statics' => '/home/monster/spacemacs/.cache/typescript/4.5/node_modules/@types/hoist-non-react-statics/index.d.ts'
[05:13:11.911] Adding entry into typings cache: 'imurmurhash' => '/home/monster/spacemacs/.cache/typescript/4.5/node_modules/@types/imurmurhash/index.d.ts'
[05:13:11.912] Adding entry into typings cache: 'inherits' => '/home/monster/spacemacs/.cache/typescript/4.5/node_modules/@types/inherits/index.d.ts'
[05:13:11.912] Adding entry into typings cache: 'internal-slot' => '/home/monster/spacemacs/.cache/typescript/4.5/node_modules/@types/internal-slot/index.d.ts'
[05:13:11.913] Adding entry into typings cache: 'is-bigint' => '/home/monster/spacemacs/.cache/typescript/4.5/node_modules/@types/is-bigint/index.d.ts'
[05:13:11.914] Adding entry into typings cache: 'is-boolean-object' => '/home/monster/spacemacs/.cache/typescript/4.5/node_modules/@types/is-boolean-object/index.d.ts'
[05:13:11.914] Adding entry into typings cache: 'is-callable' => '/home/monster/spacemacs/.cache/typescript/4.5/node_modules/@types/is-callable/index.d.ts'
[05:13:11.915] Adding entry into typings cache: 'is-core-module' => '/home/monster/spacemacs/.cache/typescript/4.5/node_modules/@types/is-core-module/index.d.ts'
[05:13:11.916] Adding entry into typings cache: 'is-date-object' => '/home/monster/spacemacs/.cache/typescript/4.5/node_modules/@types/is-date-object/index.d.ts'
[05:13:11.917] Adding entry into typings cache: 'is-glob' => '/home/monster/spacemacs/.cache/typescript/4.5/node_modules/@types/is-glob/index.d.ts'
[05:13:11.917] Adding entry into typings cache: 'is-number' => '/home/monster/spacemacs/.cache/typescript/4.5/node_modules/@types/is-number/index.d.ts'
[05:13:11.918] Adding entry into typings cache: 'is-regex' => '/home/monster/spacemacs/.cache/typescript/4.5/node_modules/@types/is-regex/index.d.ts'
[05:13:11.919] Adding entry into typings cache: 'is-string' => '/home/monster/spacemacs/.cache/typescript/4.5/node_modules/@types/is-string/index.d.ts'
[05:13:11.919] Adding entry into typings cache: 'isexe' => '/home/monster/spacemacs/.cache/typescript/4.5/node_modules/@types/isexe/index.d.ts'
[05:13:11.920] Adding entry into typings cache: 'isomorphic-fetch' => '/home/monster/spacemacs/.cache/typescript/4.5/node_modules/@types/isomorphic-fetch/index.d.ts'
[05:13:11.921] Adding entry into typings cache: 'js-yaml' => '/home/monster/spacemacs/.cache/typescript/4.5/node_modules/@types/js-yaml/index.d.ts'
[05:13:11.922] Adding entry into typings cache: 'jsesc' => '/home/monster/spacemacs/.cache/typescript/4.5/node_modules/@types/jsesc/index.d.ts'
[05:13:11.923] Adding entry into typings cache: 'language-tags' => '/home/monster/spacemacs/.cache/typescript/4.5/node_modules/@types/language-tags/index.d.ts'
[05:13:11.924] Adding entry into typings cache: 'lodash.merge' => '/home/monster/spacemacs/.cache/typescript/4.5/node_modules/@types/lodash.merge/index.d.ts'
[05:13:11.925] Adding entry into typings cache: 'lru-cache' => '/home/monster/spacemacs/.cache/typescript/4.5/node_modules/@types/lru-cache/index.d.ts'
[05:13:11.925] Adding entry into typings cache: 'merge2' => '/home/monster/spacemacs/.cache/typescript/4.5/node_modules/@types/merge2/index.d.ts'
[05:13:11.926] Adding entry into typings cache: 'micromatch' => '/home/monster/spacemacs/.cache/typescript/4.5/node_modules/@types/micromatch/index.d.ts'
[05:13:11.927] Adding entry into typings cache: 'minimatch' => '/home/monster/spacemacs/.cache/typescript/4.5/node_modules/@types/minimatch/index.d.ts'
[05:13:11.928] Adding entry into typings cache: 'minimist' => '/home/monster/spacemacs/.cache/typescript/4.5/node_modules/@types/minimist/index.d.ts'
[05:13:11.929] Adding entry into typings cache: 'ms' => '/home/monster/spacemacs/.cache/typescript/4.5/node_modules/@types/ms/index.d.ts'
[05:13:11.930] Adding entry into typings cache: 'natural-compare' => '/home/monster/spacemacs/.cache/typescript/4.5/node_modules/@types/natural-compare/index.d.ts'
[05:13:11.932] Adding entry into typings cache: 'node' => '/home/monster/spacemacs/.cache/typescript/4.5/node_modules/@types/node/index.d.ts'
[05:13:11.934] Adding entry into typings cache: 'node-fetch' => '/home/monster/spacemacs/.cache/typescript/4.5/node_modules/@types/node-fetch/index.d.ts'
[05:13:11.935] Adding entry into typings cache: 'object-assign' => '/home/monster/spacemacs/.cache/typescript/4.5/node_modules/@types/object-assign/index.d.ts'
[05:13:11.936] Adding entry into typings cache: 'object-inspect' => '/home/monster/spacemacs/.cache/typescript/4.5/node_modules/@types/object-inspect/index.d.ts'
[05:13:11.937] Adding entry into typings cache: 'object-keys' => '/home/monster/spacemacs/.cache/typescript/4.5/node_modules/@types/object-keys/index.d.ts'
[05:13:11.937] Adding entry into typings cache: 'object.fromentries' => '/home/monster/spacemacs/.cache/typescript/4.5/node_modules/@types/object.fromentries/index.d.ts'
[05:13:11.938] Adding entry into typings cache: 'once' => '/home/monster/spacemacs/.cache/typescript/4.5/node_modules/@types/once/index.d.ts'
[05:13:11.939] Adding entry into typings cache: 'parse-json' => '/home/monster/spacemacs/.cache/typescript/4.5/node_modules/@types/parse-json/index.d.ts'
[05:13:11.940] Adding entry into typings cache: 'path-is-absolute' => '/home/monster/spacemacs/.cache/typescript/4.5/node_modules/@types/path-is-absolute/index.d.ts'
[05:13:11.941] Adding entry into typings cache: 'path-parse' => '/home/monster/spacemacs/.cache/typescript/4.5/node_modules/@types/path-parse/index.d.ts'
[05:13:11.942] Adding entry into typings cache: 'picomatch' => '/home/monster/spacemacs/.cache/typescript/4.5/node_modules/@types/picomatch/index.d.ts'
[05:13:11.944] Adding entry into typings cache: 'prelude-ls' => '/home/monster/spacemacs/.cache/typescript/4.5/node_modules/@types/prelude-ls/index.d.ts'
[05:13:11.945] Adding entry into typings cache: 'prop-types' => '/home/monster/spacemacs/.cache/typescript/4.5/node_modules/@types/prop-types/index.d.ts'
[05:13:11.945] Adding entry into typings cache: 'punycode' => '/home/monster/spacemacs/.cache/typescript/4.5/node_modules/@types/punycode/index.d.ts'
[05:13:11.947] Adding entry into typings cache: 'react' => '/home/monster/spacemacs/.cache/typescript/4.5/node_modules/@types/react/index.d.ts'
[05:13:11.948] Adding entry into typings cache: 'react-dom' => '/home/monster/spacemacs/.cache/typescript/4.5/node_modules/@types/react-dom/index.d.ts'
[05:13:11.950] Adding entry into typings cache: 'react-is' => '/home/monster/spacemacs/.cache/typescript/4.5/node_modules/@types/react-is/index.d.ts'
[05:13:11.951] Adding entry into typings cache: 'regenerator-runtime' => '/home/monster/spacemacs/.cache/typescript/4.5/node_modules/@types/regenerator-runtime/index.d.ts'
[05:13:11.952] Adding entry into typings cache: 'resolve' => '/home/monster/spacemacs/.cache/typescript/4.5/node_modules/@types/resolve/index.d.ts'
[05:13:11.953] Adding entry into typings cache: 'rimraf' => '/home/monster/spacemacs/.cache/typescript/4.5/node_modules/@types/rimraf/index.d.ts'
[05:13:11.954] Adding entry into typings cache: 'run-parallel' => '/home/monster/spacemacs/.cache/typescript/4.5/node_modules/@types/run-parallel/index.d.ts'
[05:13:11.955] Adding entry into typings cache: 'scheduler' => '/home/monster/spacemacs/.cache/typescript/4.5/node_modules/@types/scheduler/index.d.ts'
[05:13:11.956] Adding entry into typings cache: 'semver' => '/home/monster/spacemacs/.cache/typescript/4.5/node_modules/@types/semver/index.d.ts'
[05:13:11.956] Adding entry into typings cache: 'shebang-command' => '/home/monster/spacemacs/.cache/typescript/4.5/node_modules/@types/shebang-command/index.d.ts'
[05:13:11.957] Adding entry into typings cache: 'string.prototype.matchall' => '/home/monster/spacemacs/.cache/typescript/4.5/node_modules/@types/string.prototype.matchall/index.d.ts'
[05:13:11.958] Adding entry into typings cache: 'stylis' => '/home/monster/spacemacs/.cache/typescript/4.5/node_modules/@types/stylis/index.d.ts'
[05:13:11.959] Adding entry into typings cache: 'supports-color' => '/home/monster/spacemacs/.cache/typescript/4.5/node_modules/@types/supports-color/index.d.ts'
[05:13:11.959] Adding entry into typings cache: 'text-table' => '/home/monster/spacemacs/.cache/typescript/4.5/node_modules/@types/text-table/index.d.ts'
[05:13:11.960] Adding entry into typings cache: 'to-regex-range' => '/home/monster/spacemacs/.cache/typescript/4.5/node_modules/@types/to-regex-range/index.d.ts'
[05:13:11.961] Adding entry into typings cache: 'type-check' => '/home/monster/spacemacs/.cache/typescript/4.5/node_modules/@types/type-check/index.d.ts'
[05:13:11.962] Adding entry into typings cache: 'webidl-conversions' => '/home/monster/spacemacs/.cache/typescript/4.5/node_modules/@types/webidl-conversions/index.d.ts'
[05:13:11.963] Adding entry into typings cache: 'whatwg-url' => '/home/monster/spacemacs/.cache/typescript/4.5/node_modules/@types/whatwg-url/index.d.ts'
[05:13:11.963] Adding entry into typings cache: 'which' => '/home/monster/spacemacs/.cache/typescript/4.5/node_modules/@types/which/index.d.ts'
[05:13:11.964] Adding entry into typings cache: 'yallist' => '/home/monster/spacemacs/.cache/typescript/4.5/node_modules/@types/yallist/index.d.ts'
[05:13:11.964] Finished processing cache location '/home/monster/spacemacs/.cache/typescript/4.5'
[05:13:11.964] Process id: 22247
[05:13:11.964] NPM location: /usr/bin/npm (explicit '--npmLocation' not  provided)
[05:13:11.964] validateDefaultNpmLocation: false
[05:13:11.964] Npm config file: /home/monster/spacemacs/.cache/typescript/4.5/package.json
[05:13:11.964] Updating types-registry npm package...
[05:13:11.964] Exec: /usr/bin/npm install --ignore-scripts types-registry@latest
[05:13:13.924]     Succeeded. stdout:
    
    up to date, audited 122 packages in 2s

found 0 vulnerabilities

[05:13:13.924] Updated types-registry npm package
