[23:39:45.315] Global cache location '/home/monster/spacemacs/.cache/typescript/4.6', safe file path '/usr/lib/node_modules/typescript/lib/typingSafeList.json', types map path /usr/lib/node_modules/typescript/lib/typesMap.json
[23:39:45.316] Processing cache location '/home/monster/spacemacs/.cache/typescript/4.6'
[23:39:45.316] Trying to find '/home/monster/spacemacs/.cache/typescript/4.6/package.json'...
[23:39:45.316] Loaded content of '/home/monster/spacemacs/.cache/typescript/4.6/package.json': {"private":true,"dependencies":{"types-registry":"^0.1.592"},"devDependencies":{"@types/eslint":"^8.4.2","@types/isomorphic-fetch":"^0.0.36","@types/node":"^17.0.33","@types/react":"^18.0.9","@types/react-dom":"^18.0.4"}}
[23:39:45.316] Loaded content of '/home/monster/spacemacs/.cache/typescript/4.6/package-lock.json'
[23:39:45.325] Adding entry into typings cache: 'eslint' => '/home/monster/spacemacs/.cache/typescript/4.6/node_modules/@types/eslint/index.d.ts'
[23:39:45.326] Adding entry into typings cache: 'isomorphic-fetch' => '/home/monster/spacemacs/.cache/typescript/4.6/node_modules/@types/isomorphic-fetch/index.d.ts'
[23:39:45.329] Adding entry into typings cache: 'node' => '/home/monster/spacemacs/.cache/typescript/4.6/node_modules/@types/node/index.d.ts'
[23:39:45.333] Adding entry into typings cache: 'react' => '/home/monster/spacemacs/.cache/typescript/4.6/node_modules/@types/react/index.d.ts'
[23:39:45.334] Adding entry into typings cache: 'react-dom' => '/home/monster/spacemacs/.cache/typescript/4.6/node_modules/@types/react-dom/index.d.ts'
[23:39:45.334] Finished processing cache location '/home/monster/spacemacs/.cache/typescript/4.6'
[23:39:45.334] Process id: 29049
[23:39:45.334] NPM location: /usr/bin/npm (explicit '--npmLocation' not  provided)
[23:39:45.334] validateDefaultNpmLocation: false
[23:39:45.334] Npm config file: /home/monster/spacemacs/.cache/typescript/4.6/package.json
[23:39:45.334] Updating types-registry npm package...
[23:39:45.334] Exec: /usr/bin/npm install --ignore-scripts types-registry@latest
[23:39:45.986]     Succeeded. stdout:
    
    up to date, audited 12 packages in 474ms

found 0 vulnerabilities

[23:39:45.987] Updated types-registry npm package
