[23:56:33.771] Global cache location '/home/monster/spacemacs/.cache/typescript/4.6', safe file path '/usr/lib/node_modules/typescript/lib/typingSafeList.json', types map path /usr/lib/node_modules/typescript/lib/typesMap.json
[23:56:33.771] Processing cache location '/home/monster/spacemacs/.cache/typescript/4.6'
[23:56:33.771] Trying to find '/home/monster/spacemacs/.cache/typescript/4.6/package.json'...
[23:56:33.772] Loaded content of '/home/monster/spacemacs/.cache/typescript/4.6/package.json': {"private":true,"dependencies":{"types-registry":"^0.1.592"},"devDependencies":{"@types/eslint":"^8.4.2","@types/isomorphic-fetch":"^0.0.36","@types/node":"^17.0.33","@types/react":"^18.0.9","@types/react-dom":"^18.0.4"}}
[23:56:33.772] Loaded content of '/home/monster/spacemacs/.cache/typescript/4.6/package-lock.json'
[23:56:33.779] Adding entry into typings cache: 'eslint' => '/home/monster/spacemacs/.cache/typescript/4.6/node_modules/@types/eslint/index.d.ts'
[23:56:33.781] Adding entry into typings cache: 'isomorphic-fetch' => '/home/monster/spacemacs/.cache/typescript/4.6/node_modules/@types/isomorphic-fetch/index.d.ts'
[23:56:33.784] Adding entry into typings cache: 'node' => '/home/monster/spacemacs/.cache/typescript/4.6/node_modules/@types/node/index.d.ts'
[23:56:33.787] Adding entry into typings cache: 'react' => '/home/monster/spacemacs/.cache/typescript/4.6/node_modules/@types/react/index.d.ts'
[23:56:33.788] Adding entry into typings cache: 'react-dom' => '/home/monster/spacemacs/.cache/typescript/4.6/node_modules/@types/react-dom/index.d.ts'
[23:56:33.789] Finished processing cache location '/home/monster/spacemacs/.cache/typescript/4.6'
[23:56:33.789] Process id: 30801
[23:56:33.789] NPM location: /usr/bin/npm (explicit '--npmLocation' not  provided)
[23:56:33.789] validateDefaultNpmLocation: false
[23:56:33.789] Npm config file: /home/monster/spacemacs/.cache/typescript/4.6/package.json
[23:56:33.789] Updating types-registry npm package...
[23:56:33.789] Exec: /usr/bin/npm install --ignore-scripts types-registry@latest
[23:56:34.649]     Succeeded. stdout:
    
    up to date, audited 12 packages in 659ms

found 0 vulnerabilities

[23:56:34.649] Updated types-registry npm package
