[01:26:33.449] Global cache location '/home/monster/spacemacs/.cache/typescript/4.6', safe file path '/usr/lib/node_modules/typescript/lib/typingSafeList.json', types map path /usr/lib/node_modules/typescript/lib/typesMap.json
[01:26:33.449] Processing cache location '/home/monster/spacemacs/.cache/typescript/4.6'
[01:26:33.449] Trying to find '/home/monster/spacemacs/.cache/typescript/4.6/package.json'...
[01:26:33.450] Loaded content of '/home/monster/spacemacs/.cache/typescript/4.6/package.json': {"private":true,"dependencies":{"types-registry":"^0.1.592"},"devDependencies":{"@types/eslint":"^8.4.2","@types/isomorphic-fetch":"^0.0.36","@types/node":"^17.0.33","@types/react":"^18.0.9","@types/react-dom":"^18.0.4"}}
[01:26:33.450] Loaded content of '/home/monster/spacemacs/.cache/typescript/4.6/package-lock.json'
[01:26:33.458] Adding entry into typings cache: 'eslint' => '/home/monster/spacemacs/.cache/typescript/4.6/node_modules/@types/eslint/index.d.ts'
[01:26:33.459] Adding entry into typings cache: 'isomorphic-fetch' => '/home/monster/spacemacs/.cache/typescript/4.6/node_modules/@types/isomorphic-fetch/index.d.ts'
[01:26:33.462] Adding entry into typings cache: 'node' => '/home/monster/spacemacs/.cache/typescript/4.6/node_modules/@types/node/index.d.ts'
[01:26:33.465] Adding entry into typings cache: 'react' => '/home/monster/spacemacs/.cache/typescript/4.6/node_modules/@types/react/index.d.ts'
[01:26:33.467] Adding entry into typings cache: 'react-dom' => '/home/monster/spacemacs/.cache/typescript/4.6/node_modules/@types/react-dom/index.d.ts'
[01:26:33.467] Finished processing cache location '/home/monster/spacemacs/.cache/typescript/4.6'
[01:26:33.467] Process id: 39688
[01:26:33.467] NPM location: /usr/bin/npm (explicit '--npmLocation' not  provided)
[01:26:33.467] validateDefaultNpmLocation: false
[01:26:33.467] Npm config file: /home/monster/spacemacs/.cache/typescript/4.6/package.json
[01:26:33.467] Updating types-registry npm package...
[01:26:33.467] Exec: /usr/bin/npm install --ignore-scripts types-registry@latest
[01:26:34.179]     Succeeded. stdout:
    
    up to date, audited 12 packages in 524ms

found 0 vulnerabilities

[01:26:34.179] Updated types-registry npm package
