[01:05:32.315] Global cache location '/home/monster/spacemacs/.cache/typescript/4.6', safe file path '/usr/lib/node_modules/typescript/lib/typingSafeList.json', types map path /usr/lib/node_modules/typescript/lib/typesMap.json
[01:05:32.315] Processing cache location '/home/monster/spacemacs/.cache/typescript/4.6'
[01:05:32.315] Trying to find '/home/monster/spacemacs/.cache/typescript/4.6/package.json'...
[01:05:32.316] Loaded content of '/home/monster/spacemacs/.cache/typescript/4.6/package.json': {"private":true,"dependencies":{"types-registry":"^0.1.592"},"devDependencies":{"@types/eslint":"^8.4.2","@types/isomorphic-fetch":"^0.0.36","@types/node":"^17.0.33","@types/react":"^18.0.9","@types/react-dom":"^18.0.4"}}
[01:05:32.316] Loaded content of '/home/monster/spacemacs/.cache/typescript/4.6/package-lock.json'
[01:05:32.325] Adding entry into typings cache: 'eslint' => '/home/monster/spacemacs/.cache/typescript/4.6/node_modules/@types/eslint/index.d.ts'
[01:05:32.326] Adding entry into typings cache: 'isomorphic-fetch' => '/home/monster/spacemacs/.cache/typescript/4.6/node_modules/@types/isomorphic-fetch/index.d.ts'
[01:05:32.329] Adding entry into typings cache: 'node' => '/home/monster/spacemacs/.cache/typescript/4.6/node_modules/@types/node/index.d.ts'
[01:05:32.335] Adding entry into typings cache: 'react' => '/home/monster/spacemacs/.cache/typescript/4.6/node_modules/@types/react/index.d.ts'
[01:05:32.336] Adding entry into typings cache: 'react-dom' => '/home/monster/spacemacs/.cache/typescript/4.6/node_modules/@types/react-dom/index.d.ts'
[01:05:32.336] Finished processing cache location '/home/monster/spacemacs/.cache/typescript/4.6'
[01:05:32.337] Process id: 35139
[01:05:32.337] NPM location: /usr/bin/npm (explicit '--npmLocation' not  provided)
[01:05:32.337] validateDefaultNpmLocation: false
[01:05:32.337] Npm config file: /home/monster/spacemacs/.cache/typescript/4.6/package.json
[01:05:32.337] Updating types-registry npm package...
[01:05:32.337] Exec: /usr/bin/npm install --ignore-scripts types-registry@latest
[01:05:33.657]     Succeeded. stdout:
    
    up to date, audited 12 packages in 1s

found 0 vulnerabilities

[01:05:33.657] Updated types-registry npm package
