[01:10:56.364] Global cache location '/home/monster/spacemacs/.cache/typescript/4.6', safe file path '/usr/lib/node_modules/typescript/lib/typingSafeList.json', types map path /usr/lib/node_modules/typescript/lib/typesMap.json
[01:10:56.364] Processing cache location '/home/monster/spacemacs/.cache/typescript/4.6'
[01:10:56.364] Trying to find '/home/monster/spacemacs/.cache/typescript/4.6/package.json'...
[01:10:56.365] Loaded content of '/home/monster/spacemacs/.cache/typescript/4.6/package.json': {"private":true,"dependencies":{"types-registry":"^0.1.592"},"devDependencies":{"@types/eslint":"^8.4.2","@types/isomorphic-fetch":"^0.0.36","@types/node":"^17.0.33","@types/react":"^18.0.9","@types/react-dom":"^18.0.4"}}
[01:10:56.365] Loaded content of '/home/monster/spacemacs/.cache/typescript/4.6/package-lock.json'
[01:10:56.374] Adding entry into typings cache: 'eslint' => '/home/monster/spacemacs/.cache/typescript/4.6/node_modules/@types/eslint/index.d.ts'
[01:10:56.375] Adding entry into typings cache: 'isomorphic-fetch' => '/home/monster/spacemacs/.cache/typescript/4.6/node_modules/@types/isomorphic-fetch/index.d.ts'
[01:10:56.378] Adding entry into typings cache: 'node' => '/home/monster/spacemacs/.cache/typescript/4.6/node_modules/@types/node/index.d.ts'
[01:10:56.381] Adding entry into typings cache: 'react' => '/home/monster/spacemacs/.cache/typescript/4.6/node_modules/@types/react/index.d.ts'
[01:10:56.382] Adding entry into typings cache: 'react-dom' => '/home/monster/spacemacs/.cache/typescript/4.6/node_modules/@types/react-dom/index.d.ts'
[01:10:56.382] Finished processing cache location '/home/monster/spacemacs/.cache/typescript/4.6'
[01:10:56.382] Process id: 36017
[01:10:56.383] NPM location: /usr/bin/npm (explicit '--npmLocation' not  provided)
[01:10:56.383] validateDefaultNpmLocation: false
[01:10:56.383] Npm config file: /home/monster/spacemacs/.cache/typescript/4.6/package.json
[01:10:56.383] Updating types-registry npm package...
[01:10:56.383] Exec: /usr/bin/npm install --ignore-scripts types-registry@latest
[01:10:57.106]     Succeeded. stdout:
    
    up to date, audited 12 packages in 525ms

found 0 vulnerabilities

[01:10:57.106] Updated types-registry npm package
