[23:49:51.233] Global cache location '/home/monster/spacemacs/.cache/typescript/4.6', safe file path '/usr/lib/node_modules/typescript/lib/typingSafeList.json', types map path /usr/lib/node_modules/typescript/lib/typesMap.json
[23:49:51.234] Processing cache location '/home/monster/spacemacs/.cache/typescript/4.6'
[23:49:51.234] Trying to find '/home/monster/spacemacs/.cache/typescript/4.6/package.json'...
[23:49:51.234] Loaded content of '/home/monster/spacemacs/.cache/typescript/4.6/package.json': {"private":true,"dependencies":{"types-registry":"^0.1.592"},"devDependencies":{"@types/eslint":"^8.4.2","@types/isomorphic-fetch":"^0.0.36","@types/node":"^17.0.33","@types/react":"^18.0.9","@types/react-dom":"^18.0.4"}}
[23:49:51.234] Loaded content of '/home/monster/spacemacs/.cache/typescript/4.6/package-lock.json'
[23:49:51.242] Adding entry into typings cache: 'eslint' => '/home/monster/spacemacs/.cache/typescript/4.6/node_modules/@types/eslint/index.d.ts'
[23:49:51.244] Adding entry into typings cache: 'isomorphic-fetch' => '/home/monster/spacemacs/.cache/typescript/4.6/node_modules/@types/isomorphic-fetch/index.d.ts'
[23:49:51.247] Adding entry into typings cache: 'node' => '/home/monster/spacemacs/.cache/typescript/4.6/node_modules/@types/node/index.d.ts'
[23:49:51.251] Adding entry into typings cache: 'react' => '/home/monster/spacemacs/.cache/typescript/4.6/node_modules/@types/react/index.d.ts'
[23:49:51.252] Adding entry into typings cache: 'react-dom' => '/home/monster/spacemacs/.cache/typescript/4.6/node_modules/@types/react-dom/index.d.ts'
[23:49:51.252] Finished processing cache location '/home/monster/spacemacs/.cache/typescript/4.6'
[23:49:51.252] Process id: 30107
[23:49:51.252] NPM location: /usr/bin/npm (explicit '--npmLocation' not  provided)
[23:49:51.252] validateDefaultNpmLocation: false
[23:49:51.252] Npm config file: /home/monster/spacemacs/.cache/typescript/4.6/package.json
[23:49:51.252] Updating types-registry npm package...
[23:49:51.253] Exec: /usr/bin/npm install --ignore-scripts types-registry@latest
[23:49:51.992]     Succeeded. stdout:
    
    up to date, audited 12 packages in 559ms

found 0 vulnerabilities

[23:49:51.992] Updated types-registry npm package
