[01:59:07.818] Global cache location '/home/monster/spacemacs/.cache/typescript/4.6', safe file path '/usr/lib/node_modules/typescript/lib/typingSafeList.json', types map path /usr/lib/node_modules/typescript/lib/typesMap.json
[01:59:07.818] Processing cache location '/home/monster/spacemacs/.cache/typescript/4.6'
[01:59:07.818] Trying to find '/home/monster/spacemacs/.cache/typescript/4.6/package.json'...
[01:59:07.819] Loaded content of '/home/monster/spacemacs/.cache/typescript/4.6/package.json': {"private":true,"dependencies":{"types-registry":"^0.1.592"},"devDependencies":{"@types/eslint":"^8.4.2","@types/isomorphic-fetch":"^0.0.36","@types/node":"^17.0.33","@types/react":"^18.0.9","@types/react-dom":"^18.0.4"}}
[01:59:07.819] Loaded content of '/home/monster/spacemacs/.cache/typescript/4.6/package-lock.json'
[01:59:07.827] Adding entry into typings cache: 'eslint' => '/home/monster/spacemacs/.cache/typescript/4.6/node_modules/@types/eslint/index.d.ts'
[01:59:07.828] Adding entry into typings cache: 'isomorphic-fetch' => '/home/monster/spacemacs/.cache/typescript/4.6/node_modules/@types/isomorphic-fetch/index.d.ts'
[01:59:07.831] Adding entry into typings cache: 'node' => '/home/monster/spacemacs/.cache/typescript/4.6/node_modules/@types/node/index.d.ts'
[01:59:07.835] Adding entry into typings cache: 'react' => '/home/monster/spacemacs/.cache/typescript/4.6/node_modules/@types/react/index.d.ts'
[01:59:07.836] Adding entry into typings cache: 'react-dom' => '/home/monster/spacemacs/.cache/typescript/4.6/node_modules/@types/react-dom/index.d.ts'
[01:59:07.836] Finished processing cache location '/home/monster/spacemacs/.cache/typescript/4.6'
[01:59:07.836] Process id: 45987
[01:59:07.836] NPM location: /usr/bin/npm (explicit '--npmLocation' not  provided)
[01:59:07.836] validateDefaultNpmLocation: false
[01:59:07.836] Npm config file: /home/monster/spacemacs/.cache/typescript/4.6/package.json
[01:59:07.836] Updating types-registry npm package...
[01:59:07.836] Exec: /usr/bin/npm install --ignore-scripts types-registry@latest
[01:59:09.216]     Succeeded. stdout:
    
    up to date, audited 12 packages in 1s

found 0 vulnerabilities

[01:59:09.216] Updated types-registry npm package
