[02:28:03.548] Global cache location '/home/monster/spacemacs/.cache/typescript/4.6', safe file path '/usr/lib/node_modules/typescript/lib/typingSafeList.json', types map path /usr/lib/node_modules/typescript/lib/typesMap.json
[02:28:03.548] Processing cache location '/home/monster/spacemacs/.cache/typescript/4.6'
[02:28:03.548] Trying to find '/home/monster/spacemacs/.cache/typescript/4.6/package.json'...
[02:28:03.549] Loaded content of '/home/monster/spacemacs/.cache/typescript/4.6/package.json': {"private":true,"dependencies":{"types-registry":"^0.1.592"},"devDependencies":{"@types/eslint":"^8.4.2","@types/isomorphic-fetch":"^0.0.36","@types/node":"^17.0.33","@types/react":"^18.0.9","@types/react-dom":"^18.0.4"}}
[02:28:03.549] Loaded content of '/home/monster/spacemacs/.cache/typescript/4.6/package-lock.json'
[02:28:03.558] Adding entry into typings cache: 'eslint' => '/home/monster/spacemacs/.cache/typescript/4.6/node_modules/@types/eslint/index.d.ts'
[02:28:03.559] Adding entry into typings cache: 'isomorphic-fetch' => '/home/monster/spacemacs/.cache/typescript/4.6/node_modules/@types/isomorphic-fetch/index.d.ts'
[02:28:03.562] Adding entry into typings cache: 'node' => '/home/monster/spacemacs/.cache/typescript/4.6/node_modules/@types/node/index.d.ts'
[02:28:03.565] Adding entry into typings cache: 'react' => '/home/monster/spacemacs/.cache/typescript/4.6/node_modules/@types/react/index.d.ts'
[02:28:03.566] Adding entry into typings cache: 'react-dom' => '/home/monster/spacemacs/.cache/typescript/4.6/node_modules/@types/react-dom/index.d.ts'
[02:28:03.566] Finished processing cache location '/home/monster/spacemacs/.cache/typescript/4.6'
[02:28:03.566] Process id: 49532
[02:28:03.566] NPM location: /usr/bin/npm (explicit '--npmLocation' not  provided)
[02:28:03.566] validateDefaultNpmLocation: false
[02:28:03.566] Npm config file: /home/monster/spacemacs/.cache/typescript/4.6/package.json
[02:28:03.566] Updating types-registry npm package...
[02:28:03.566] Exec: /usr/bin/npm install --ignore-scripts types-registry@latest
[02:28:04.214]     Succeeded. stdout:
    
    up to date, audited 12 packages in 446ms

found 0 vulnerabilities

[02:28:04.215] Updated types-registry npm package
