[02:22:35.214] Global cache location '/home/monster/spacemacs/.cache/typescript/4.6', safe file path '/usr/lib/node_modules/typescript/lib/typingSafeList.json', types map path /usr/lib/node_modules/typescript/lib/typesMap.json
[02:22:35.214] Processing cache location '/home/monster/spacemacs/.cache/typescript/4.6'
[02:22:35.214] Trying to find '/home/monster/spacemacs/.cache/typescript/4.6/package.json'...
[02:22:35.215] Loaded content of '/home/monster/spacemacs/.cache/typescript/4.6/package.json': {"private":true,"dependencies":{"types-registry":"^0.1.592"},"devDependencies":{"@types/eslint":"^8.4.2","@types/isomorphic-fetch":"^0.0.36","@types/node":"^17.0.33","@types/react":"^18.0.9","@types/react-dom":"^18.0.4"}}
[02:22:35.215] Loaded content of '/home/monster/spacemacs/.cache/typescript/4.6/package-lock.json'
[02:22:35.223] Adding entry into typings cache: 'eslint' => '/home/monster/spacemacs/.cache/typescript/4.6/node_modules/@types/eslint/index.d.ts'
[02:22:35.224] Adding entry into typings cache: 'isomorphic-fetch' => '/home/monster/spacemacs/.cache/typescript/4.6/node_modules/@types/isomorphic-fetch/index.d.ts'
[02:22:35.227] Adding entry into typings cache: 'node' => '/home/monster/spacemacs/.cache/typescript/4.6/node_modules/@types/node/index.d.ts'
[02:22:35.230] Adding entry into typings cache: 'react' => '/home/monster/spacemacs/.cache/typescript/4.6/node_modules/@types/react/index.d.ts'
[02:22:35.231] Adding entry into typings cache: 'react-dom' => '/home/monster/spacemacs/.cache/typescript/4.6/node_modules/@types/react-dom/index.d.ts'
[02:22:35.232] Finished processing cache location '/home/monster/spacemacs/.cache/typescript/4.6'
[02:22:35.232] Process id: 48677
[02:22:35.232] NPM location: /usr/bin/npm (explicit '--npmLocation' not  provided)
[02:22:35.232] validateDefaultNpmLocation: false
[02:22:35.232] Npm config file: /home/monster/spacemacs/.cache/typescript/4.6/package.json
[02:22:35.232] Updating types-registry npm package...
[02:22:35.232] Exec: /usr/bin/npm install --ignore-scripts types-registry@latest
[02:22:35.875]     Succeeded. stdout:
    
    up to date, audited 12 packages in 446ms

found 0 vulnerabilities

[02:22:35.875] Updated types-registry npm package
