[03:59:38.021] Global cache location '/home/monster/spacemacs/.cache/typescript/4.5', safe file path '/usr/lib/node_modules/typescript/lib/typingSafeList.json', types map path /usr/lib/node_modules/typescript/lib/typesMap.json
[03:59:38.022] Processing cache location '/home/monster/spacemacs/.cache/typescript/4.5'
[03:59:38.022] Trying to find '/home/monster/spacemacs/.cache/typescript/4.5/package.json'...
[03:59:38.024] Loaded content of '/home/monster/spacemacs/.cache/typescript/4.5/package.json': {"private":true,"dependencies":{"types-registry":"^0.1.592"},"devDependencies":{"@types/argparse":"^2.0.10","@types/aria-query":"^5.0.0","@types/array.prototype.flat":"^1.2.1","@types/array.prototype.flatmap":"^1.2.2","@types/babel-plugin-macros":"^2.8.5","@types/balanced-match":"^1.0.2","@types/brace-expansion":"^1.1.0","@types/braces":"^3.0.1","@types/call-bind":"^1.0.0","@types/caniuse-lite":"^1.0.1","@types/color-convert":"^2.0.0","@types/color-name":"^1.1.1","@types/concat-map":"^0.0.1","@types/convert-source-map":"^1.5.2","@types/cross-spawn":"^6.0.2","@types/damerau-levenshtein":"^1.0.0","@types/debug":"^4.1.7","@types/define-properties":"^1.1.3","@types/dir-glob":"^2.0.1","@types/doctrine":"^0.0.5","@types/es-abstract":"^1.17.3","@types/es-to-primitive":"^1.2.4","@types/eslint":"^8.4.2","@types/eslint-scope":"^3.7.3","@types/eslint-utils":"^3.0.1","@types/esquery":"^1.0.2","@types/estraverse":"^5.1.1","@types/esutils":"^2.0.0","@types/fast-levenshtein":"^0.0.2","@types/file-entry-cache":"^5.0.2","@types/fill-range":"^7.0.0","@types/find-root":"^1.1.2","@types/flat-cache":"^2.0.0","@types/function-bind":"^1.1.6","@types/functional-red-black-tree":"^1.0.1","@types/get-intrinsic":"^1.0.0","@types/glob":"^7.2.0","@types/glob-parent":"^5.1.1","@types/has":"^1.0.0","@types/has-symbols":"^1.0.0","@types/hoist-non-react-statics":"^3.3.1","@types/imurmurhash":"^0.1.1","@types/inherits":"^0.0.30","@types/internal-slot":"^1.0.1","@types/is-bigint":"^1.0.0","@types/is-boolean-object":"^1.1.0","@types/is-callable":"^1.1.0","@types/is-core-module":"^2.2.0","@types/is-date-object":"^1.0.2","@types/is-glob":"^4.0.2","@types/is-number":"^7.0.3","@types/is-regex":"^1.0.0","@types/is-string":"^1.0.0","@types/isexe":"^2.0.1","@types/isomorphic-fetch":"^0.0.36","@types/js-yaml":"^4.0.5","@types/jsesc":"^3.0.1","@types/language-tags":"^1.0.0","@types/lodash":"^4.14.182","@types/lodash.merge":"^4.6.7","@types/lru-cache":"^7.6.1","@types/merge2":"^1.3.1","@types/micromatch":"^4.0.2","@types/minimatch":"^3.0.5","@types/minimist":"^1.2.2","@types/ms":"^0.7.31","@types/natural-compare":"^1.4.1","@types/node":"^17.0.33","@types/node-fetch":"^2.6.1","@types/object-assign":"^4.0.30","@types/object-inspect":"^1.8.1","@types/object-keys":"^1.0.1","@types/object.fromentries":"^2.0.1","@types/once":"^1.4.0","@types/parse-json":"^4.0.0","@types/path-is-absolute":"^1.0.0","@types/path-parse":"^1.0.19","@types/picomatch":"^2.3.0","@types/prelude-ls":"^1.1.29","@types/prop-types":"^15.7.5","@types/punycode":"^2.1.0","@types/react":"^18.0.9","@types/react-dom":"^18.0.4","@types/react-is":"^17.0.3","@types/regenerator-runtime":"^0.13.1","@types/resolve":"^1.20.2","@types/rimraf":"^3.0.2","@types/run-parallel":"^1.1.0","@types/scheduler":"^0.16.2","@types/semver":"^7.3.9","@types/shebang-command":"^1.2.0","@types/string.prototype.matchall":"^4.0.1","@types/stylis":"^4.0.2","@types/supports-color":"^8.1.1","@types/text-table":"^0.2.2","@types/to-regex-range":"^5.0.0","@types/type-check":"^0.3.27","@types/webidl-conversions":"^6.1.1","@types/whatwg-url":"^8.2.1","@types/which":"^2.0.1","@types/yallist":"^4.0.1"}}
[03:59:38.024] Loaded content of '/home/monster/spacemacs/.cache/typescript/4.5/package-lock.json'
[03:59:38.034] Adding entry into typings cache: 'argparse' => '/home/monster/spacemacs/.cache/typescript/4.5/node_modules/@types/argparse/index.d.ts'
[03:59:38.035] Adding entry into typings cache: 'aria-query' => '/home/monster/spacemacs/.cache/typescript/4.5/node_modules/@types/aria-query/index.d.ts'
[03:59:38.037] Adding entry into typings cache: 'array.prototype.flat' => '/home/monster/spacemacs/.cache/typescript/4.5/node_modules/@types/array.prototype.flat/index.d.ts'
[03:59:38.039] Adding entry into typings cache: 'array.prototype.flatmap' => '/home/monster/spacemacs/.cache/typescript/4.5/node_modules/@types/array.prototype.flatmap/index.d.ts'
[03:59:38.041] Adding entry into typings cache: 'babel-plugin-macros' => '/home/monster/spacemacs/.cache/typescript/4.5/node_modules/@types/babel-plugin-macros/index.d.ts'
[03:59:38.042] Adding entry into typings cache: 'balanced-match' => '/home/monster/spacemacs/.cache/typescript/4.5/node_modules/@types/balanced-match/index.d.ts'
[03:59:38.044] Adding entry into typings cache: 'brace-expansion' => '/home/monster/spacemacs/.cache/typescript/4.5/node_modules/@types/brace-expansion/index.d.ts'
[03:59:38.046] Adding entry into typings cache: 'braces' => '/home/monster/spacemacs/.cache/typescript/4.5/node_modules/@types/braces/index.d.ts'
[03:59:38.048] Adding entry into typings cache: 'call-bind' => '/home/monster/spacemacs/.cache/typescript/4.5/node_modules/@types/call-bind/index.d.ts'
[03:59:38.049] Adding entry into typings cache: 'caniuse-lite' => '/home/monster/spacemacs/.cache/typescript/4.5/node_modules/@types/caniuse-lite/index.d.ts'
[03:59:38.051] Adding entry into typings cache: 'color-convert' => '/home/monster/spacemacs/.cache/typescript/4.5/node_modules/@types/color-convert/index.d.ts'
[03:59:38.052] Adding entry into typings cache: 'color-name' => '/home/monster/spacemacs/.cache/typescript/4.5/node_modules/@types/color-name/index.d.ts'
[03:59:38.053] Adding entry into typings cache: 'concat-map' => '/home/monster/spacemacs/.cache/typescript/4.5/node_modules/@types/concat-map/index.d.ts'
[03:59:38.054] Adding entry into typings cache: 'convert-source-map' => '/home/monster/spacemacs/.cache/typescript/4.5/node_modules/@types/convert-source-map/index.d.ts'
[03:59:38.055] Adding entry into typings cache: 'cross-spawn' => '/home/monster/spacemacs/.cache/typescript/4.5/node_modules/@types/cross-spawn/index.d.ts'
[03:59:38.056] Adding entry into typings cache: 'damerau-levenshtein' => '/home/monster/spacemacs/.cache/typescript/4.5/node_modules/@types/damerau-levenshtein/index.d.ts'
[03:59:38.058] Adding entry into typings cache: 'debug' => '/home/monster/spacemacs/.cache/typescript/4.5/node_modules/@types/debug/index.d.ts'
[03:59:38.059] Adding entry into typings cache: 'define-properties' => '/home/monster/spacemacs/.cache/typescript/4.5/node_modules/@types/define-properties/index.d.ts'
[03:59:38.060] Adding entry into typings cache: 'dir-glob' => '/home/monster/spacemacs/.cache/typescript/4.5/node_modules/@types/dir-glob/index.d.ts'
[03:59:38.061] Adding entry into typings cache: 'doctrine' => '/home/monster/spacemacs/.cache/typescript/4.5/node_modules/@types/doctrine/index.d.ts'
[03:59:38.063] Adding entry into typings cache: 'es-abstract' => '/home/monster/spacemacs/.cache/typescript/4.5/node_modules/@types/es-abstract/index.d.ts'
[03:59:38.063] Adding entry into typings cache: 'es-to-primitive' => '/home/monster/spacemacs/.cache/typescript/4.5/node_modules/@types/es-to-primitive/index.d.ts'
[03:59:38.065] Adding entry into typings cache: 'eslint' => '/home/monster/spacemacs/.cache/typescript/4.5/node_modules/@types/eslint/index.d.ts'
[03:59:38.066] Adding entry into typings cache: 'eslint-scope' => '/home/monster/spacemacs/.cache/typescript/4.5/node_modules/@types/eslint-scope/index.d.ts'
[03:59:38.067] Adding entry into typings cache: 'eslint-utils' => '/home/monster/spacemacs/.cache/typescript/4.5/node_modules/@types/eslint-utils/index.d.ts'
[03:59:38.068] Adding entry into typings cache: 'esquery' => '/home/monster/spacemacs/.cache/typescript/4.5/node_modules/@types/esquery/index.d.ts'
[03:59:38.069] Adding entry into typings cache: 'estraverse' => '/home/monster/spacemacs/.cache/typescript/4.5/node_modules/@types/estraverse/index.d.ts'
[03:59:38.070] Adding entry into typings cache: 'esutils' => '/home/monster/spacemacs/.cache/typescript/4.5/node_modules/@types/esutils/index.d.ts'
[03:59:38.071] Adding entry into typings cache: 'fast-levenshtein' => '/home/monster/spacemacs/.cache/typescript/4.5/node_modules/@types/fast-levenshtein/index.d.ts'
[03:59:38.072] Adding entry into typings cache: 'file-entry-cache' => '/home/monster/spacemacs/.cache/typescript/4.5/node_modules/@types/file-entry-cache/index.d.ts'
[03:59:38.073] Adding entry into typings cache: 'fill-range' => '/home/monster/spacemacs/.cache/typescript/4.5/node_modules/@types/fill-range/index.d.ts'
[03:59:38.074] Adding entry into typings cache: 'find-root' => '/home/monster/spacemacs/.cache/typescript/4.5/node_modules/@types/find-root/index.d.ts'
[03:59:38.075] Adding entry into typings cache: 'flat-cache' => '/home/monster/spacemacs/.cache/typescript/4.5/node_modules/@types/flat-cache/index.d.ts'
[03:59:38.076] Adding entry into typings cache: 'function-bind' => '/home/monster/spacemacs/.cache/typescript/4.5/node_modules/@types/function-bind/index.d.ts'
[03:59:38.077] Adding entry into typings cache: 'functional-red-black-tree' => '/home/monster/spacemacs/.cache/typescript/4.5/node_modules/@types/functional-red-black-tree/index.d.ts'
[03:59:38.077] Adding entry into typings cache: 'get-intrinsic' => '/home/monster/spacemacs/.cache/typescript/4.5/node_modules/@types/get-intrinsic/index.d.ts'
[03:59:38.078] Adding entry into typings cache: 'glob' => '/home/monster/spacemacs/.cache/typescript/4.5/node_modules/@types/glob/index.d.ts'
[03:59:38.079] Adding entry into typings cache: 'glob-parent' => '/home/monster/spacemacs/.cache/typescript/4.5/node_modules/@types/glob-parent/index.d.ts'
[03:59:38.081] Adding entry into typings cache: 'has' => '/home/monster/spacemacs/.cache/typescript/4.5/node_modules/@types/has/index.d.ts'
[03:59:38.082] Adding entry into typings cache: 'has-symbols' => '/home/monster/spacemacs/.cache/typescript/4.5/node_modules/@types/has-symbols/index.d.ts'
[03:59:38.087] Adding entry into typings cache: 'hoist-non-react-statics' => '/home/monster/spacemacs/.cache/typescript/4.5/node_modules/@types/hoist-non-react-statics/index.d.ts'
[03:59:38.088] Adding entry into typings cache: 'imurmurhash' => '/home/monster/spacemacs/.cache/typescript/4.5/node_modules/@types/imurmurhash/index.d.ts'
[03:59:38.089] Adding entry into typings cache: 'inherits' => '/home/monster/spacemacs/.cache/typescript/4.5/node_modules/@types/inherits/index.d.ts'
[03:59:38.090] Adding entry into typings cache: 'internal-slot' => '/home/monster/spacemacs/.cache/typescript/4.5/node_modules/@types/internal-slot/index.d.ts'
[03:59:38.091] Adding entry into typings cache: 'is-bigint' => '/home/monster/spacemacs/.cache/typescript/4.5/node_modules/@types/is-bigint/index.d.ts'
[03:59:38.092] Adding entry into typings cache: 'is-boolean-object' => '/home/monster/spacemacs/.cache/typescript/4.5/node_modules/@types/is-boolean-object/index.d.ts'
[03:59:38.094] Adding entry into typings cache: 'is-callable' => '/home/monster/spacemacs/.cache/typescript/4.5/node_modules/@types/is-callable/index.d.ts'
[03:59:38.095] Adding entry into typings cache: 'is-core-module' => '/home/monster/spacemacs/.cache/typescript/4.5/node_modules/@types/is-core-module/index.d.ts'
[03:59:38.096] Adding entry into typings cache: 'is-date-object' => '/home/monster/spacemacs/.cache/typescript/4.5/node_modules/@types/is-date-object/index.d.ts'
[03:59:38.097] Adding entry into typings cache: 'is-glob' => '/home/monster/spacemacs/.cache/typescript/4.5/node_modules/@types/is-glob/index.d.ts'
[03:59:38.098] Adding entry into typings cache: 'is-number' => '/home/monster/spacemacs/.cache/typescript/4.5/node_modules/@types/is-number/index.d.ts'
[03:59:38.100] Adding entry into typings cache: 'is-regex' => '/home/monster/spacemacs/.cache/typescript/4.5/node_modules/@types/is-regex/index.d.ts'
[03:59:38.101] Adding entry into typings cache: 'is-string' => '/home/monster/spacemacs/.cache/typescript/4.5/node_modules/@types/is-string/index.d.ts'
[03:59:38.102] Adding entry into typings cache: 'isexe' => '/home/monster/spacemacs/.cache/typescript/4.5/node_modules/@types/isexe/index.d.ts'
[03:59:38.105] Adding entry into typings cache: 'isomorphic-fetch' => '/home/monster/spacemacs/.cache/typescript/4.5/node_modules/@types/isomorphic-fetch/index.d.ts'
[03:59:38.105] Adding entry into typings cache: 'js-yaml' => '/home/monster/spacemacs/.cache/typescript/4.5/node_modules/@types/js-yaml/index.d.ts'
[03:59:38.106] Adding entry into typings cache: 'jsesc' => '/home/monster/spacemacs/.cache/typescript/4.5/node_modules/@types/jsesc/index.d.ts'
[03:59:38.108] Adding entry into typings cache: 'language-tags' => '/home/monster/spacemacs/.cache/typescript/4.5/node_modules/@types/language-tags/index.d.ts'
[03:59:38.110] Adding entry into typings cache: 'lodash' => '/home/monster/spacemacs/.cache/typescript/4.5/node_modules/@types/lodash/index.d.ts'
[03:59:38.111] Adding entry into typings cache: 'lodash.merge' => '/home/monster/spacemacs/.cache/typescript/4.5/node_modules/@types/lodash.merge/index.d.ts'
[03:59:38.112] Adding entry into typings cache: 'lru-cache' => '/home/monster/spacemacs/.cache/typescript/4.5/node_modules/@types/lru-cache/index.d.ts'
[03:59:38.114] Adding entry into typings cache: 'merge2' => '/home/monster/spacemacs/.cache/typescript/4.5/node_modules/@types/merge2/index.d.ts'
[03:59:38.115] Adding entry into typings cache: 'micromatch' => '/home/monster/spacemacs/.cache/typescript/4.5/node_modules/@types/micromatch/index.d.ts'
[03:59:38.116] Adding entry into typings cache: 'minimatch' => '/home/monster/spacemacs/.cache/typescript/4.5/node_modules/@types/minimatch/index.d.ts'
[03:59:38.117] Adding entry into typings cache: 'minimist' => '/home/monster/spacemacs/.cache/typescript/4.5/node_modules/@types/minimist/index.d.ts'
[03:59:38.118] Adding entry into typings cache: 'ms' => '/home/monster/spacemacs/.cache/typescript/4.5/node_modules/@types/ms/index.d.ts'
[03:59:38.119] Adding entry into typings cache: 'natural-compare' => '/home/monster/spacemacs/.cache/typescript/4.5/node_modules/@types/natural-compare/index.d.ts'
[03:59:38.121] Adding entry into typings cache: 'node' => '/home/monster/spacemacs/.cache/typescript/4.5/node_modules/@types/node/index.d.ts'
[03:59:38.124] Adding entry into typings cache: 'node-fetch' => '/home/monster/spacemacs/.cache/typescript/4.5/node_modules/@types/node-fetch/index.d.ts'
[03:59:38.125] Adding entry into typings cache: 'object-assign' => '/home/monster/spacemacs/.cache/typescript/4.5/node_modules/@types/object-assign/index.d.ts'
[03:59:38.126] Adding entry into typings cache: 'object-inspect' => '/home/monster/spacemacs/.cache/typescript/4.5/node_modules/@types/object-inspect/index.d.ts'
[03:59:38.126] Adding entry into typings cache: 'object-keys' => '/home/monster/spacemacs/.cache/typescript/4.5/node_modules/@types/object-keys/index.d.ts'
[03:59:38.128] Adding entry into typings cache: 'object.fromentries' => '/home/monster/spacemacs/.cache/typescript/4.5/node_modules/@types/object.fromentries/index.d.ts'
[03:59:38.129] Adding entry into typings cache: 'once' => '/home/monster/spacemacs/.cache/typescript/4.5/node_modules/@types/once/index.d.ts'
[03:59:38.130] Adding entry into typings cache: 'parse-json' => '/home/monster/spacemacs/.cache/typescript/4.5/node_modules/@types/parse-json/index.d.ts'
[03:59:38.131] Adding entry into typings cache: 'path-is-absolute' => '/home/monster/spacemacs/.cache/typescript/4.5/node_modules/@types/path-is-absolute/index.d.ts'
[03:59:38.132] Adding entry into typings cache: 'path-parse' => '/home/monster/spacemacs/.cache/typescript/4.5/node_modules/@types/path-parse/index.d.ts'
[03:59:38.133] Adding entry into typings cache: 'picomatch' => '/home/monster/spacemacs/.cache/typescript/4.5/node_modules/@types/picomatch/index.d.ts'
[03:59:38.133] Adding entry into typings cache: 'prelude-ls' => '/home/monster/spacemacs/.cache/typescript/4.5/node_modules/@types/prelude-ls/index.d.ts'
[03:59:38.134] Adding entry into typings cache: 'prop-types' => '/home/monster/spacemacs/.cache/typescript/4.5/node_modules/@types/prop-types/index.d.ts'
[03:59:38.135] Adding entry into typings cache: 'punycode' => '/home/monster/spacemacs/.cache/typescript/4.5/node_modules/@types/punycode/index.d.ts'
[03:59:38.138] Adding entry into typings cache: 'react' => '/home/monster/spacemacs/.cache/typescript/4.5/node_modules/@types/react/index.d.ts'
[03:59:38.139] Adding entry into typings cache: 'react-dom' => '/home/monster/spacemacs/.cache/typescript/4.5/node_modules/@types/react-dom/index.d.ts'
[03:59:38.142] Adding entry into typings cache: 'react-is' => '/home/monster/spacemacs/.cache/typescript/4.5/node_modules/@types/react-is/index.d.ts'
[03:59:38.143] Adding entry into typings cache: 'regenerator-runtime' => '/home/monster/spacemacs/.cache/typescript/4.5/node_modules/@types/regenerator-runtime/index.d.ts'
[03:59:38.144] Adding entry into typings cache: 'resolve' => '/home/monster/spacemacs/.cache/typescript/4.5/node_modules/@types/resolve/index.d.ts'
[03:59:38.145] Adding entry into typings cache: 'rimraf' => '/home/monster/spacemacs/.cache/typescript/4.5/node_modules/@types/rimraf/index.d.ts'
[03:59:38.146] Adding entry into typings cache: 'run-parallel' => '/home/monster/spacemacs/.cache/typescript/4.5/node_modules/@types/run-parallel/index.d.ts'
[03:59:38.147] Adding entry into typings cache: 'scheduler' => '/home/monster/spacemacs/.cache/typescript/4.5/node_modules/@types/scheduler/index.d.ts'
[03:59:38.149] Adding entry into typings cache: 'semver' => '/home/monster/spacemacs/.cache/typescript/4.5/node_modules/@types/semver/index.d.ts'
[03:59:38.150] Adding entry into typings cache: 'shebang-command' => '/home/monster/spacemacs/.cache/typescript/4.5/node_modules/@types/shebang-command/index.d.ts'
[03:59:38.152] Adding entry into typings cache: 'string.prototype.matchall' => '/home/monster/spacemacs/.cache/typescript/4.5/node_modules/@types/string.prototype.matchall/index.d.ts'
[03:59:38.152] Adding entry into typings cache: 'stylis' => '/home/monster/spacemacs/.cache/typescript/4.5/node_modules/@types/stylis/index.d.ts'
[03:59:38.153] Adding entry into typings cache: 'supports-color' => '/home/monster/spacemacs/.cache/typescript/4.5/node_modules/@types/supports-color/index.d.ts'
[03:59:38.154] Adding entry into typings cache: 'text-table' => '/home/monster/spacemacs/.cache/typescript/4.5/node_modules/@types/text-table/index.d.ts'
[03:59:38.156] Adding entry into typings cache: 'to-regex-range' => '/home/monster/spacemacs/.cache/typescript/4.5/node_modules/@types/to-regex-range/index.d.ts'
[03:59:38.156] Adding entry into typings cache: 'type-check' => '/home/monster/spacemacs/.cache/typescript/4.5/node_modules/@types/type-check/index.d.ts'
[03:59:38.158] Adding entry into typings cache: 'webidl-conversions' => '/home/monster/spacemacs/.cache/typescript/4.5/node_modules/@types/webidl-conversions/index.d.ts'
[03:59:38.159] Adding entry into typings cache: 'whatwg-url' => '/home/monster/spacemacs/.cache/typescript/4.5/node_modules/@types/whatwg-url/index.d.ts'
[03:59:38.160] Adding entry into typings cache: 'which' => '/home/monster/spacemacs/.cache/typescript/4.5/node_modules/@types/which/index.d.ts'
[03:59:38.161] Adding entry into typings cache: 'yallist' => '/home/monster/spacemacs/.cache/typescript/4.5/node_modules/@types/yallist/index.d.ts'
[03:59:38.161] Finished processing cache location '/home/monster/spacemacs/.cache/typescript/4.5'
[03:59:38.161] Process id: 4203
[03:59:38.161] NPM location: /usr/bin/npm (explicit '--npmLocation' not  provided)
[03:59:38.161] validateDefaultNpmLocation: false
[03:59:38.161] Npm config file: /home/monster/spacemacs/.cache/typescript/4.5/package.json
[03:59:38.161] Updating types-registry npm package...
[03:59:38.161] Exec: /usr/bin/npm install --ignore-scripts types-registry@latest
[03:59:40.266]     Succeeded. stdout:
    
    up to date, audited 122 packages in 2s

found 0 vulnerabilities

[03:59:40.266] Updated types-registry npm package
[03:59:43.398] Got install request {"projectName":"/dev/null/inferredProject1*","fileNames":["/usr/lib/node_modules/typescript/lib/lib.es5.d.ts","/usr/lib/node_modules/typescript/lib/lib.es2015.d.ts","/usr/lib/node_modules/typescript/lib/lib.es2016.d.ts","/usr/lib/node_modules/typescript/lib/lib.dom.d.ts","/usr/lib/node_modules/typescript/lib/lib.dom.iterable.d.ts","/usr/lib/node_modules/typescript/lib/lib.webworker.importscripts.d.ts","/usr/lib/node_modules/typescript/lib/lib.scripthost.d.ts","/usr/lib/node_modules/typescript/lib/lib.es2015.core.d.ts","/usr/lib/node_modules/typescript/lib/lib.es2015.collection.d.ts","/usr/lib/node_modules/typescript/lib/lib.es2015.generator.d.ts","/usr/lib/node_modules/typescript/lib/lib.es2015.iterable.d.ts","/usr/lib/node_modules/typescript/lib/lib.es2015.promise.d.ts","/usr/lib/node_modules/typescript/lib/lib.es2015.proxy.d.ts","/usr/lib/node_modules/typescript/lib/lib.es2015.reflect.d.ts","/usr/lib/node_modules/typescript/lib/lib.es2015.symbol.d.ts","/usr/lib/node_modules/typescript/lib/lib.es2015.symbol.wellknown.d.ts","/usr/lib/node_modules/typescript/lib/lib.es2016.array.include.d.ts","/usr/lib/node_modules/typescript/lib/lib.es2016.full.d.ts","/home/monster/app/nextpress/frontend/src/pages/sbook.jsx","/home/monster/app/nextpress/frontend/src/stories/Home.stories.jsx"],"compilerOptions":{"module":1,"target":3,"jsx":1,"allowJs":true,"allowSyntheticDefaultImports":true,"allowNonTsExtensions":true,"noEmitForJsFiles":true,"maxNodeModuleJsDepth":2},"typeAcquisition":{"enable":true,"include":[],"exclude":[]},"unresolvedImports":[],"projectRootPath":"/home/monster/app/nextpress/frontend/src/stories","kind":"discover"}
[03:59:43.412] Loaded safelist from types map file '/usr/lib/node_modules/typescript/lib/typesMap.json'
[03:59:43.413] Explicitly included types: []
[03:59:43.413] Inferred 'react' typings due to presence of '.jsx' extension
[03:59:43.413] Inferred typings from unresolved imports: []
[03:59:43.413] Result: {"cachedTypingPaths":["/home/monster/spacemacs/.cache/typescript/4.5/node_modules/@types/react/index.d.ts"],"newTypingNames":[],"filesToWatch":["/home/monster/app/nextpress/frontend/src/pages/bower_components","/home/monster/app/nextpress/frontend/src/pages/node_modules","/home/monster/app/nextpress/frontend/src/stories/bower_components","/home/monster/app/nextpress/frontend/src/stories/node_modules"]}
[03:59:43.413] Finished typings discovery: {"cachedTypingPaths":["/home/monster/spacemacs/.cache/typescript/4.5/node_modules/@types/react/index.d.ts"],"newTypingNames":[],"filesToWatch":["/home/monster/app/nextpress/frontend/src/pages/bower_components","/home/monster/app/nextpress/frontend/src/pages/node_modules","/home/monster/app/nextpress/frontend/src/stories/bower_components","/home/monster/app/nextpress/frontend/src/stories/node_modules"]}
[03:59:43.414] DirectoryWatcher:: Added:: WatchInfo: /home/monster/app/nextpress/frontend/src/pages/bower_components
[03:59:43.414] DirectoryWatcher:: Added:: WatchInfo: /home/monster/app/nextpress/frontend/src/pages/bower_components 1 undefined Project: /dev/null/inferredProject1* watcher already invoked: false
[03:59:43.415] Elapsed:: 0.9696710000280291ms DirectoryWatcher:: Added:: WatchInfo: /home/monster/app/nextpress/frontend/src/pages/bower_components 1 undefined Project: /dev/null/inferredProject1* watcher already invoked: false
[03:59:43.415] DirectoryWatcher:: Added:: WatchInfo: /home/monster/app/nextpress/frontend/src/pages/node_modules
[03:59:43.415] DirectoryWatcher:: Added:: WatchInfo: /home/monster/app/nextpress/frontend/src/pages/node_modules 1 undefined Project: /dev/null/inferredProject1* watcher already invoked: false
[03:59:43.415] Elapsed:: 0.06097999995108694ms DirectoryWatcher:: Added:: WatchInfo: /home/monster/app/nextpress/frontend/src/pages/node_modules 1 undefined Project: /dev/null/inferredProject1* watcher already invoked: false
[03:59:43.415] DirectoryWatcher:: Added:: WatchInfo: /home/monster/app/nextpress/frontend/src/stories/bower_components
[03:59:43.415] DirectoryWatcher:: Added:: WatchInfo: /home/monster/app/nextpress/frontend/src/stories/bower_components 1 undefined Project: /dev/null/inferredProject1* watcher already invoked: false
[03:59:43.415] Elapsed:: 0.05444999993778765ms DirectoryWatcher:: Added:: WatchInfo: /home/monster/app/nextpress/frontend/src/stories/bower_components 1 undefined Project: /dev/null/inferredProject1* watcher already invoked: false
[03:59:43.415] DirectoryWatcher:: Added:: WatchInfo: /home/monster/app/nextpress/frontend/src/stories/node_modules
[03:59:43.415] DirectoryWatcher:: Added:: WatchInfo: /home/monster/app/nextpress/frontend/src/stories/node_modules 1 undefined Project: /dev/null/inferredProject1* watcher already invoked: false
[03:59:43.415] Elapsed:: 0.04728000005707145ms DirectoryWatcher:: Added:: WatchInfo: /home/monster/app/nextpress/frontend/src/stories/node_modules 1 undefined Project: /dev/null/inferredProject1* watcher already invoked: false
[03:59:43.416] Sending response:
    {"projectName":"/dev/null/inferredProject1*","typeAcquisition":{"enable":true,"include":[],"exclude":[]},"compilerOptions":{"module":1,"target":3,"jsx":1,"allowJs":true,"allowSyntheticDefaultImports":true,"allowNonTsExtensions":true,"noEmitForJsFiles":true,"maxNodeModuleJsDepth":2},"typings":["/home/monster/spacemacs/.cache/typescript/4.5/node_modules/@types/react/index.d.ts"],"unresolvedImports":[],"kind":"action::set"}
[03:59:43.416] Response has been sent.
[03:59:43.416] No new typings were requested as a result of typings discovery
[03:59:43.732] Got install request {"projectName":"/dev/null/inferredProject1*","fileNames":["/usr/lib/node_modules/typescript/lib/lib.es5.d.ts","/usr/lib/node_modules/typescript/lib/lib.es2015.d.ts","/usr/lib/node_modules/typescript/lib/lib.es2016.d.ts","/usr/lib/node_modules/typescript/lib/lib.dom.d.ts","/usr/lib/node_modules/typescript/lib/lib.dom.iterable.d.ts","/usr/lib/node_modules/typescript/lib/lib.webworker.importscripts.d.ts","/usr/lib/node_modules/typescript/lib/lib.scripthost.d.ts","/usr/lib/node_modules/typescript/lib/lib.es2015.core.d.ts","/usr/lib/node_modules/typescript/lib/lib.es2015.collection.d.ts","/usr/lib/node_modules/typescript/lib/lib.es2015.generator.d.ts","/usr/lib/node_modules/typescript/lib/lib.es2015.iterable.d.ts","/usr/lib/node_modules/typescript/lib/lib.es2015.promise.d.ts","/usr/lib/node_modules/typescript/lib/lib.es2015.proxy.d.ts","/usr/lib/node_modules/typescript/lib/lib.es2015.reflect.d.ts","/usr/lib/node_modules/typescript/lib/lib.es2015.symbol.d.ts","/usr/lib/node_modules/typescript/lib/lib.es2015.symbol.wellknown.d.ts","/usr/lib/node_modules/typescript/lib/lib.es2016.array.include.d.ts","/usr/lib/node_modules/typescript/lib/lib.es2016.full.d.ts","/home/monster/app/nextpress/frontend/src/pages/sbook.jsx","/home/monster/app/nextpress/frontend/src/stories/Home.stories.jsx","/home/monster/spacemacs/.cache/typescript/4.5/node_modules/@types/react/global.d.ts","/home/monster/spacemacs/.cache/typescript/4.5/node_modules/@types/react/index.d.ts"],"compilerOptions":{"module":1,"target":3,"jsx":1,"allowJs":true,"allowSyntheticDefaultImports":true,"allowNonTsExtensions":true,"noEmitForJsFiles":true,"maxNodeModuleJsDepth":2},"typeAcquisition":{"enable":true,"include":[],"exclude":[]},"unresolvedImports":[],"projectRootPath":"/home/monster/app/nextpress/frontend/src/stories","kind":"discover"}
[03:59:43.733] Explicitly included types: []
[03:59:43.733] Inferred 'react' typings due to presence of '.jsx' extension
[03:59:43.733] Inferred typings from unresolved imports: []
[03:59:43.733] Result: {"cachedTypingPaths":["/home/monster/spacemacs/.cache/typescript/4.5/node_modules/@types/react/index.d.ts"],"newTypingNames":[],"filesToWatch":["/home/monster/app/nextpress/frontend/src/pages/bower_components","/home/monster/app/nextpress/frontend/src/pages/node_modules","/home/monster/app/nextpress/frontend/src/stories/bower_components","/home/monster/app/nextpress/frontend/src/stories/node_modules"]}
[03:59:43.733] Finished typings discovery: {"cachedTypingPaths":["/home/monster/spacemacs/.cache/typescript/4.5/node_modules/@types/react/index.d.ts"],"newTypingNames":[],"filesToWatch":["/home/monster/app/nextpress/frontend/src/pages/bower_components","/home/monster/app/nextpress/frontend/src/pages/node_modules","/home/monster/app/nextpress/frontend/src/stories/bower_components","/home/monster/app/nextpress/frontend/src/stories/node_modules"]}
[03:59:43.733] Sending response:
    {"projectName":"/dev/null/inferredProject1*","typeAcquisition":{"enable":true,"include":[],"exclude":[]},"compilerOptions":{"module":1,"target":3,"jsx":1,"allowJs":true,"allowSyntheticDefaultImports":true,"allowNonTsExtensions":true,"noEmitForJsFiles":true,"maxNodeModuleJsDepth":2},"typings":["/home/monster/spacemacs/.cache/typescript/4.5/node_modules/@types/react/index.d.ts"],"unresolvedImports":[],"kind":"action::set"}
[03:59:43.733] Response has been sent.
[03:59:43.733] No new typings were requested as a result of typings discovery
[04:01:51.269] Got install request {"projectName":"/dev/null/inferredProject1*","fileNames":["/usr/lib/node_modules/typescript/lib/lib.es5.d.ts","/usr/lib/node_modules/typescript/lib/lib.es2015.d.ts","/usr/lib/node_modules/typescript/lib/lib.es2016.d.ts","/usr/lib/node_modules/typescript/lib/lib.dom.d.ts","/usr/lib/node_modules/typescript/lib/lib.dom.iterable.d.ts","/usr/lib/node_modules/typescript/lib/lib.webworker.importscripts.d.ts","/usr/lib/node_modules/typescript/lib/lib.scripthost.d.ts","/usr/lib/node_modules/typescript/lib/lib.es2015.core.d.ts","/usr/lib/node_modules/typescript/lib/lib.es2015.collection.d.ts","/usr/lib/node_modules/typescript/lib/lib.es2015.generator.d.ts","/usr/lib/node_modules/typescript/lib/lib.es2015.iterable.d.ts","/usr/lib/node_modules/typescript/lib/lib.es2015.promise.d.ts","/usr/lib/node_modules/typescript/lib/lib.es2015.proxy.d.ts","/usr/lib/node_modules/typescript/lib/lib.es2015.reflect.d.ts","/usr/lib/node_modules/typescript/lib/lib.es2015.symbol.d.ts","/usr/lib/node_modules/typescript/lib/lib.es2015.symbol.wellknown.d.ts","/usr/lib/node_modules/typescript/lib/lib.es2016.array.include.d.ts","/usr/lib/node_modules/typescript/lib/lib.es2016.full.d.ts","/home/monster/app/nextpress/frontend/src/pages/sbook.jsx","/home/monster/app/nextpress/frontend/src/stories/Home.stories.jsx","/home/monster/spacemacs/.cache/typescript/4.5/node_modules/@types/react/global.d.ts","/home/monster/spacemacs/.cache/typescript/4.5/node_modules/@types/react/index.d.ts"],"compilerOptions":{"module":1,"target":3,"jsx":1,"allowJs":true,"allowSyntheticDefaultImports":true,"allowNonTsExtensions":true,"noEmitForJsFiles":true,"maxNodeModuleJsDepth":2},"typeAcquisition":{"enable":true,"include":[],"exclude":[]},"unresolvedImports":[],"projectRootPath":"/home/monster/app/nextpress/frontend/src/stories","kind":"discover"}
[04:01:51.269] Explicitly included types: []
[04:01:51.269] Inferred 'react' typings due to presence of '.jsx' extension
[04:01:51.269] Inferred typings from unresolved imports: []
[04:01:51.269] Result: {"cachedTypingPaths":["/home/monster/spacemacs/.cache/typescript/4.5/node_modules/@types/react/index.d.ts"],"newTypingNames":[],"filesToWatch":["/home/monster/app/nextpress/frontend/src/pages/bower_components","/home/monster/app/nextpress/frontend/src/pages/node_modules","/home/monster/app/nextpress/frontend/src/stories/bower_components","/home/monster/app/nextpress/frontend/src/stories/node_modules"]}
[04:01:51.269] Finished typings discovery: {"cachedTypingPaths":["/home/monster/spacemacs/.cache/typescript/4.5/node_modules/@types/react/index.d.ts"],"newTypingNames":[],"filesToWatch":["/home/monster/app/nextpress/frontend/src/pages/bower_components","/home/monster/app/nextpress/frontend/src/pages/node_modules","/home/monster/app/nextpress/frontend/src/stories/bower_components","/home/monster/app/nextpress/frontend/src/stories/node_modules"]}
[04:01:51.270] Sending response:
    {"projectName":"/dev/null/inferredProject1*","typeAcquisition":{"enable":true,"include":[],"exclude":[]},"compilerOptions":{"module":1,"target":3,"jsx":1,"allowJs":true,"allowSyntheticDefaultImports":true,"allowNonTsExtensions":true,"noEmitForJsFiles":true,"maxNodeModuleJsDepth":2},"typings":["/home/monster/spacemacs/.cache/typescript/4.5/node_modules/@types/react/index.d.ts"],"unresolvedImports":[],"kind":"action::set"}
[04:01:51.270] Response has been sent.
[04:01:51.270] No new typings were requested as a result of typings discovery
[04:01:54.261] Got install request {"projectName":"/dev/null/inferredProject1*","fileNames":["/usr/lib/node_modules/typescript/lib/lib.es5.d.ts","/usr/lib/node_modules/typescript/lib/lib.es2015.d.ts","/usr/lib/node_modules/typescript/lib/lib.es2016.d.ts","/usr/lib/node_modules/typescript/lib/lib.dom.d.ts","/usr/lib/node_modules/typescript/lib/lib.dom.iterable.d.ts","/usr/lib/node_modules/typescript/lib/lib.webworker.importscripts.d.ts","/usr/lib/node_modules/typescript/lib/lib.scripthost.d.ts","/usr/lib/node_modules/typescript/lib/lib.es2015.core.d.ts","/usr/lib/node_modules/typescript/lib/lib.es2015.collection.d.ts","/usr/lib/node_modules/typescript/lib/lib.es2015.generator.d.ts","/usr/lib/node_modules/typescript/lib/lib.es2015.iterable.d.ts","/usr/lib/node_modules/typescript/lib/lib.es2015.promise.d.ts","/usr/lib/node_modules/typescript/lib/lib.es2015.proxy.d.ts","/usr/lib/node_modules/typescript/lib/lib.es2015.reflect.d.ts","/usr/lib/node_modules/typescript/lib/lib.es2015.symbol.d.ts","/usr/lib/node_modules/typescript/lib/lib.es2015.symbol.wellknown.d.ts","/usr/lib/node_modules/typescript/lib/lib.es2016.array.include.d.ts","/usr/lib/node_modules/typescript/lib/lib.es2016.full.d.ts","/home/monster/app/nextpress/frontend/src/pages/sbook.jsx","/home/monster/app/nextpress/frontend/src/stories/Home.stories.jsx","/home/monster/spacemacs/.cache/typescript/4.5/node_modules/@types/react/global.d.ts","/home/monster/spacemacs/.cache/typescript/4.5/node_modules/@types/react/index.d.ts"],"compilerOptions":{"module":1,"target":3,"jsx":1,"allowJs":true,"allowSyntheticDefaultImports":true,"allowNonTsExtensions":true,"noEmitForJsFiles":true,"maxNodeModuleJsDepth":2},"typeAcquisition":{"enable":true,"include":[],"exclude":[]},"unresolvedImports":[],"projectRootPath":"/home/monster/app/nextpress/frontend/src/stories","kind":"discover"}
[04:01:54.261] Explicitly included types: []
[04:01:54.262] Inferred 'react' typings due to presence of '.jsx' extension
[04:01:54.262] Inferred typings from unresolved imports: []
[04:01:54.262] Result: {"cachedTypingPaths":["/home/monster/spacemacs/.cache/typescript/4.5/node_modules/@types/react/index.d.ts"],"newTypingNames":[],"filesToWatch":["/home/monster/app/nextpress/frontend/src/pages/bower_components","/home/monster/app/nextpress/frontend/src/pages/node_modules","/home/monster/app/nextpress/frontend/src/stories/bower_components","/home/monster/app/nextpress/frontend/src/stories/node_modules"]}
[04:01:54.262] Finished typings discovery: {"cachedTypingPaths":["/home/monster/spacemacs/.cache/typescript/4.5/node_modules/@types/react/index.d.ts"],"newTypingNames":[],"filesToWatch":["/home/monster/app/nextpress/frontend/src/pages/bower_components","/home/monster/app/nextpress/frontend/src/pages/node_modules","/home/monster/app/nextpress/frontend/src/stories/bower_components","/home/monster/app/nextpress/frontend/src/stories/node_modules"]}
[04:01:54.262] Sending response:
    {"projectName":"/dev/null/inferredProject1*","typeAcquisition":{"enable":true,"include":[],"exclude":[]},"compilerOptions":{"module":1,"target":3,"jsx":1,"allowJs":true,"allowSyntheticDefaultImports":true,"allowNonTsExtensions":true,"noEmitForJsFiles":true,"maxNodeModuleJsDepth":2},"typings":["/home/monster/spacemacs/.cache/typescript/4.5/node_modules/@types/react/index.d.ts"],"unresolvedImports":[],"kind":"action::set"}
[04:01:54.262] Response has been sent.
[04:01:54.262] No new typings were requested as a result of typings discovery
[04:02:04.479] Got install request {"projectName":"/dev/null/inferredProject1*","fileNames":["/usr/lib/node_modules/typescript/lib/lib.es5.d.ts","/usr/lib/node_modules/typescript/lib/lib.es2015.d.ts","/usr/lib/node_modules/typescript/lib/lib.es2016.d.ts","/usr/lib/node_modules/typescript/lib/lib.dom.d.ts","/usr/lib/node_modules/typescript/lib/lib.dom.iterable.d.ts","/usr/lib/node_modules/typescript/lib/lib.webworker.importscripts.d.ts","/usr/lib/node_modules/typescript/lib/lib.scripthost.d.ts","/usr/lib/node_modules/typescript/lib/lib.es2015.core.d.ts","/usr/lib/node_modules/typescript/lib/lib.es2015.collection.d.ts","/usr/lib/node_modules/typescript/lib/lib.es2015.generator.d.ts","/usr/lib/node_modules/typescript/lib/lib.es2015.iterable.d.ts","/usr/lib/node_modules/typescript/lib/lib.es2015.promise.d.ts","/usr/lib/node_modules/typescript/lib/lib.es2015.proxy.d.ts","/usr/lib/node_modules/typescript/lib/lib.es2015.reflect.d.ts","/usr/lib/node_modules/typescript/lib/lib.es2015.symbol.d.ts","/usr/lib/node_modules/typescript/lib/lib.es2015.symbol.wellknown.d.ts","/usr/lib/node_modules/typescript/lib/lib.es2016.array.include.d.ts","/usr/lib/node_modules/typescript/lib/lib.es2016.full.d.ts","/home/monster/app/nextpress/frontend/src/pages/sbook.jsx","/home/monster/app/nextpress/frontend/src/stories/Home.stories.jsx","/home/monster/spacemacs/.cache/typescript/4.5/node_modules/@types/react/global.d.ts","/home/monster/spacemacs/.cache/typescript/4.5/node_modules/@types/react/index.d.ts"],"compilerOptions":{"module":1,"target":3,"jsx":1,"allowJs":true,"allowSyntheticDefaultImports":true,"allowNonTsExtensions":true,"noEmitForJsFiles":true,"maxNodeModuleJsDepth":2},"typeAcquisition":{"enable":true,"include":[],"exclude":[]},"unresolvedImports":[],"projectRootPath":"/home/monster/app/nextpress/frontend/src/stories","kind":"discover"}
[04:02:04.479] Explicitly included types: []
[04:02:04.479] Inferred 'react' typings due to presence of '.jsx' extension
[04:02:04.480] Inferred typings from unresolved imports: []
[04:02:04.480] Result: {"cachedTypingPaths":["/home/monster/spacemacs/.cache/typescript/4.5/node_modules/@types/react/index.d.ts"],"newTypingNames":[],"filesToWatch":["/home/monster/app/nextpress/frontend/src/pages/bower_components","/home/monster/app/nextpress/frontend/src/pages/node_modules","/home/monster/app/nextpress/frontend/src/stories/bower_components","/home/monster/app/nextpress/frontend/src/stories/node_modules"]}
[04:02:04.480] Finished typings discovery: {"cachedTypingPaths":["/home/monster/spacemacs/.cache/typescript/4.5/node_modules/@types/react/index.d.ts"],"newTypingNames":[],"filesToWatch":["/home/monster/app/nextpress/frontend/src/pages/bower_components","/home/monster/app/nextpress/frontend/src/pages/node_modules","/home/monster/app/nextpress/frontend/src/stories/bower_components","/home/monster/app/nextpress/frontend/src/stories/node_modules"]}
[04:02:04.480] Sending response:
    {"projectName":"/dev/null/inferredProject1*","typeAcquisition":{"enable":true,"include":[],"exclude":[]},"compilerOptions":{"module":1,"target":3,"jsx":1,"allowJs":true,"allowSyntheticDefaultImports":true,"allowNonTsExtensions":true,"noEmitForJsFiles":true,"maxNodeModuleJsDepth":2},"typings":["/home/monster/spacemacs/.cache/typescript/4.5/node_modules/@types/react/index.d.ts"],"unresolvedImports":[],"kind":"action::set"}
[04:02:04.480] Response has been sent.
[04:02:04.480] No new typings were requested as a result of typings discovery
