[04:40:26.246] Global cache location '/home/monster/spacemacs/.cache/typescript/4.6', safe file path '/usr/lib/node_modules/typescript/lib/typingSafeList.json', types map path /usr/lib/node_modules/typescript/lib/typesMap.json
[04:40:26.246] Processing cache location '/home/monster/spacemacs/.cache/typescript/4.6'
[04:40:26.246] Trying to find '/home/monster/spacemacs/.cache/typescript/4.6/package.json'...
[04:40:26.247] Loaded content of '/home/monster/spacemacs/.cache/typescript/4.6/package.json': {"private":true,"dependencies":{"types-registry":"^0.1.592"},"devDependencies":{"@types/eslint":"^8.4.2","@types/isomorphic-fetch":"^0.0.36","@types/node":"^17.0.33","@types/react":"^18.0.9","@types/react-dom":"^18.0.4"}}
[04:40:26.247] Loaded content of '/home/monster/spacemacs/.cache/typescript/4.6/package-lock.json'
[04:40:26.255] Adding entry into typings cache: 'eslint' => '/home/monster/spacemacs/.cache/typescript/4.6/node_modules/@types/eslint/index.d.ts'
[04:40:26.257] Adding entry into typings cache: 'isomorphic-fetch' => '/home/monster/spacemacs/.cache/typescript/4.6/node_modules/@types/isomorphic-fetch/index.d.ts'
[04:40:26.260] Adding entry into typings cache: 'node' => '/home/monster/spacemacs/.cache/typescript/4.6/node_modules/@types/node/index.d.ts'
[04:40:26.263] Adding entry into typings cache: 'react' => '/home/monster/spacemacs/.cache/typescript/4.6/node_modules/@types/react/index.d.ts'
[04:40:26.264] Adding entry into typings cache: 'react-dom' => '/home/monster/spacemacs/.cache/typescript/4.6/node_modules/@types/react-dom/index.d.ts'
[04:40:26.265] Finished processing cache location '/home/monster/spacemacs/.cache/typescript/4.6'
[04:40:26.265] Process id: 59542
[04:40:26.265] NPM location: /usr/bin/npm (explicit '--npmLocation' not  provided)
[04:40:26.265] validateDefaultNpmLocation: false
[04:40:26.265] Npm config file: /home/monster/spacemacs/.cache/typescript/4.6/package.json
[04:40:26.265] Updating types-registry npm package...
[04:40:26.265] Exec: /usr/bin/npm install --ignore-scripts types-registry@latest
[04:40:27.153]     Succeeded. stdout:
    
    up to date, audited 12 packages in 704ms

found 0 vulnerabilities

[04:40:27.153] Updated types-registry npm package
