[03:17:06.773] Global cache location '/home/monster/spacemacs/.cache/typescript/4.6', safe file path '/usr/lib/node_modules/typescript/lib/typingSafeList.json', types map path /usr/lib/node_modules/typescript/lib/typesMap.json
[03:17:06.773] Processing cache location '/home/monster/spacemacs/.cache/typescript/4.6'
[03:17:06.773] Trying to find '/home/monster/spacemacs/.cache/typescript/4.6/package.json'...
[03:17:06.774] Loaded content of '/home/monster/spacemacs/.cache/typescript/4.6/package.json': {"private":true,"dependencies":{"types-registry":"^0.1.592"},"devDependencies":{"@types/eslint":"^8.4.2","@types/isomorphic-fetch":"^0.0.36","@types/node":"^17.0.33","@types/react":"^18.0.9","@types/react-dom":"^18.0.4"}}
[03:17:06.774] Loaded content of '/home/monster/spacemacs/.cache/typescript/4.6/package-lock.json'
[03:17:06.782] Adding entry into typings cache: 'eslint' => '/home/monster/spacemacs/.cache/typescript/4.6/node_modules/@types/eslint/index.d.ts'
[03:17:06.784] Adding entry into typings cache: 'isomorphic-fetch' => '/home/monster/spacemacs/.cache/typescript/4.6/node_modules/@types/isomorphic-fetch/index.d.ts'
[03:17:06.787] Adding entry into typings cache: 'node' => '/home/monster/spacemacs/.cache/typescript/4.6/node_modules/@types/node/index.d.ts'
[03:17:06.792] Adding entry into typings cache: 'react' => '/home/monster/spacemacs/.cache/typescript/4.6/node_modules/@types/react/index.d.ts'
[03:17:06.793] Adding entry into typings cache: 'react-dom' => '/home/monster/spacemacs/.cache/typescript/4.6/node_modules/@types/react-dom/index.d.ts'
[03:17:06.794] Finished processing cache location '/home/monster/spacemacs/.cache/typescript/4.6'
[03:17:06.794] Process id: 54135
[03:17:06.794] NPM location: /usr/bin/npm (explicit '--npmLocation' not  provided)
[03:17:06.794] validateDefaultNpmLocation: false
[03:17:06.794] Npm config file: /home/monster/spacemacs/.cache/typescript/4.6/package.json
[03:17:06.794] Updating types-registry npm package...
[03:17:06.794] Exec: /usr/bin/npm install --ignore-scripts types-registry@latest
[03:17:09.552]     Succeeded. stdout:
    
    up to date, audited 12 packages in 3s

found 0 vulnerabilities

[03:17:09.552] Updated types-registry npm package
