[04:24:30.637] Global cache location '/home/monster/spacemacs/.cache/typescript/4.6', safe file path '/usr/lib/node_modules/typescript/lib/typingSafeList.json', types map path /usr/lib/node_modules/typescript/lib/typesMap.json
[04:24:30.637] Processing cache location '/home/monster/spacemacs/.cache/typescript/4.6'
[04:24:30.637] Trying to find '/home/monster/spacemacs/.cache/typescript/4.6/package.json'...
[04:24:30.638] Loaded content of '/home/monster/spacemacs/.cache/typescript/4.6/package.json': {"private":true,"dependencies":{"types-registry":"^0.1.592"},"devDependencies":{"@types/eslint":"^8.4.2","@types/isomorphic-fetch":"^0.0.36","@types/node":"^17.0.33","@types/react":"^18.0.9","@types/react-dom":"^18.0.4"}}
[04:24:30.638] Loaded content of '/home/monster/spacemacs/.cache/typescript/4.6/package-lock.json'
[04:24:30.646] Adding entry into typings cache: 'eslint' => '/home/monster/spacemacs/.cache/typescript/4.6/node_modules/@types/eslint/index.d.ts'
[04:24:30.647] Adding entry into typings cache: 'isomorphic-fetch' => '/home/monster/spacemacs/.cache/typescript/4.6/node_modules/@types/isomorphic-fetch/index.d.ts'
[04:24:30.650] Adding entry into typings cache: 'node' => '/home/monster/spacemacs/.cache/typescript/4.6/node_modules/@types/node/index.d.ts'
[04:24:30.653] Adding entry into typings cache: 'react' => '/home/monster/spacemacs/.cache/typescript/4.6/node_modules/@types/react/index.d.ts'
[04:24:30.654] Adding entry into typings cache: 'react-dom' => '/home/monster/spacemacs/.cache/typescript/4.6/node_modules/@types/react-dom/index.d.ts'
[04:24:30.654] Finished processing cache location '/home/monster/spacemacs/.cache/typescript/4.6'
[04:24:30.655] Process id: 57746
[04:24:30.655] NPM location: /usr/bin/npm (explicit '--npmLocation' not  provided)
[04:24:30.655] validateDefaultNpmLocation: false
[04:24:30.655] Npm config file: /home/monster/spacemacs/.cache/typescript/4.6/package.json
[04:24:30.655] Updating types-registry npm package...
[04:24:30.655] Exec: /usr/bin/npm install --ignore-scripts types-registry@latest
[04:24:31.687]     Succeeded. stdout:
    
    up to date, audited 12 packages in 853ms

found 0 vulnerabilities

[04:24:31.687] Updated types-registry npm package
