[03:08:09.111] Global cache location '/home/monster/spacemacs/.cache/typescript/4.6', safe file path '/usr/lib/node_modules/typescript/lib/typingSafeList.json', types map path /usr/lib/node_modules/typescript/lib/typesMap.json
[03:08:09.112] Processing cache location '/home/monster/spacemacs/.cache/typescript/4.6'
[03:08:09.112] Trying to find '/home/monster/spacemacs/.cache/typescript/4.6/package.json'...
[03:08:09.112] Loaded content of '/home/monster/spacemacs/.cache/typescript/4.6/package.json': {"private":true,"dependencies":{"types-registry":"^0.1.592"},"devDependencies":{"@types/eslint":"^8.4.2","@types/isomorphic-fetch":"^0.0.36","@types/node":"^17.0.33","@types/react":"^18.0.9","@types/react-dom":"^18.0.4"}}
[03:08:09.112] Loaded content of '/home/monster/spacemacs/.cache/typescript/4.6/package-lock.json'
[03:08:09.120] Adding entry into typings cache: 'eslint' => '/home/monster/spacemacs/.cache/typescript/4.6/node_modules/@types/eslint/index.d.ts'
[03:08:09.121] Adding entry into typings cache: 'isomorphic-fetch' => '/home/monster/spacemacs/.cache/typescript/4.6/node_modules/@types/isomorphic-fetch/index.d.ts'
[03:08:09.124] Adding entry into typings cache: 'node' => '/home/monster/spacemacs/.cache/typescript/4.6/node_modules/@types/node/index.d.ts'
[03:08:09.130] Adding entry into typings cache: 'react' => '/home/monster/spacemacs/.cache/typescript/4.6/node_modules/@types/react/index.d.ts'
[03:08:09.131] Adding entry into typings cache: 'react-dom' => '/home/monster/spacemacs/.cache/typescript/4.6/node_modules/@types/react-dom/index.d.ts'
[03:08:09.132] Finished processing cache location '/home/monster/spacemacs/.cache/typescript/4.6'
[03:08:09.132] Process id: 52824
[03:08:09.132] NPM location: /usr/bin/npm (explicit '--npmLocation' not  provided)
[03:08:09.132] validateDefaultNpmLocation: false
[03:08:09.132] Npm config file: /home/monster/spacemacs/.cache/typescript/4.6/package.json
[03:08:09.132] Updating types-registry npm package...
[03:08:09.132] Exec: /usr/bin/npm install --ignore-scripts types-registry@latest
[03:08:10.755]     Succeeded. stdout:
    
    up to date, audited 12 packages in 1s

found 0 vulnerabilities

[03:08:10.755] Updated types-registry npm package
