[03:16:48.702] Global cache location '/home/monster/spacemacs/.cache/typescript/4.6', safe file path '/usr/lib/node_modules/typescript/lib/typingSafeList.json', types map path /usr/lib/node_modules/typescript/lib/typesMap.json
[03:16:48.702] Processing cache location '/home/monster/spacemacs/.cache/typescript/4.6'
[03:16:48.702] Trying to find '/home/monster/spacemacs/.cache/typescript/4.6/package.json'...
[03:16:48.703] Loaded content of '/home/monster/spacemacs/.cache/typescript/4.6/package.json': {"private":true,"dependencies":{"types-registry":"^0.1.592"},"devDependencies":{"@types/eslint":"^8.4.2","@types/isomorphic-fetch":"^0.0.36","@types/node":"^17.0.33","@types/react":"^18.0.9","@types/react-dom":"^18.0.4"}}
[03:16:48.703] Loaded content of '/home/monster/spacemacs/.cache/typescript/4.6/package-lock.json'
[03:16:48.711] Adding entry into typings cache: 'eslint' => '/home/monster/spacemacs/.cache/typescript/4.6/node_modules/@types/eslint/index.d.ts'
[03:16:48.712] Adding entry into typings cache: 'isomorphic-fetch' => '/home/monster/spacemacs/.cache/typescript/4.6/node_modules/@types/isomorphic-fetch/index.d.ts'
[03:16:48.715] Adding entry into typings cache: 'node' => '/home/monster/spacemacs/.cache/typescript/4.6/node_modules/@types/node/index.d.ts'
[03:16:48.719] Adding entry into typings cache: 'react' => '/home/monster/spacemacs/.cache/typescript/4.6/node_modules/@types/react/index.d.ts'
[03:16:48.720] Adding entry into typings cache: 'react-dom' => '/home/monster/spacemacs/.cache/typescript/4.6/node_modules/@types/react-dom/index.d.ts'
[03:16:48.720] Finished processing cache location '/home/monster/spacemacs/.cache/typescript/4.6'
[03:16:48.720] Process id: 53899
[03:16:48.720] NPM location: /usr/bin/npm (explicit '--npmLocation' not  provided)
[03:16:48.720] validateDefaultNpmLocation: false
[03:16:48.720] Npm config file: /home/monster/spacemacs/.cache/typescript/4.6/package.json
[03:16:48.720] Updating types-registry npm package...
[03:16:48.720] Exec: /usr/bin/npm install --ignore-scripts types-registry@latest
[03:16:57.458]     Succeeded. stdout:
    
    up to date, audited 12 packages in 9s

found 0 vulnerabilities

[03:16:57.458] Updated types-registry npm package
