[03:13:06.293] Global cache location '/home/monster/spacemacs/.cache/typescript/4.6', safe file path '/usr/lib/node_modules/typescript/lib/typingSafeList.json', types map path /usr/lib/node_modules/typescript/lib/typesMap.json
[03:13:06.293] Processing cache location '/home/monster/spacemacs/.cache/typescript/4.6'
[03:13:06.293] Trying to find '/home/monster/spacemacs/.cache/typescript/4.6/package.json'...
[03:13:06.294] Loaded content of '/home/monster/spacemacs/.cache/typescript/4.6/package.json': {"private":true,"dependencies":{"types-registry":"^0.1.592"},"devDependencies":{"@types/eslint":"^8.4.2","@types/isomorphic-fetch":"^0.0.36","@types/node":"^17.0.33","@types/react":"^18.0.9","@types/react-dom":"^18.0.4"}}
[03:13:06.294] Loaded content of '/home/monster/spacemacs/.cache/typescript/4.6/package-lock.json'
[03:13:06.302] Adding entry into typings cache: 'eslint' => '/home/monster/spacemacs/.cache/typescript/4.6/node_modules/@types/eslint/index.d.ts'
[03:13:06.303] Adding entry into typings cache: 'isomorphic-fetch' => '/home/monster/spacemacs/.cache/typescript/4.6/node_modules/@types/isomorphic-fetch/index.d.ts'
[03:13:06.306] Adding entry into typings cache: 'node' => '/home/monster/spacemacs/.cache/typescript/4.6/node_modules/@types/node/index.d.ts'
[03:13:06.309] Adding entry into typings cache: 'react' => '/home/monster/spacemacs/.cache/typescript/4.6/node_modules/@types/react/index.d.ts'
[03:13:06.310] Adding entry into typings cache: 'react-dom' => '/home/monster/spacemacs/.cache/typescript/4.6/node_modules/@types/react-dom/index.d.ts'
[03:13:06.311] Finished processing cache location '/home/monster/spacemacs/.cache/typescript/4.6'
[03:13:06.311] Process id: 53381
[03:13:06.311] NPM location: /usr/bin/npm (explicit '--npmLocation' not  provided)
[03:13:06.311] validateDefaultNpmLocation: false
[03:13:06.311] Npm config file: /home/monster/spacemacs/.cache/typescript/4.6/package.json
[03:13:06.311] Updating types-registry npm package...
[03:13:06.311] Exec: /usr/bin/npm install --ignore-scripts types-registry@latest
[03:13:07.790]     Succeeded. stdout:
    
    up to date, audited 12 packages in 1s

found 0 vulnerabilities

[03:13:07.790] Updated types-registry npm package
