[04:38:37.312] Global cache location '/home/monster/spacemacs/.cache/typescript/4.6', safe file path '/usr/lib/node_modules/typescript/lib/typingSafeList.json', types map path /usr/lib/node_modules/typescript/lib/typesMap.json
[04:38:37.313] Processing cache location '/home/monster/spacemacs/.cache/typescript/4.6'
[04:38:37.313] Trying to find '/home/monster/spacemacs/.cache/typescript/4.6/package.json'...
[04:38:37.314] Loaded content of '/home/monster/spacemacs/.cache/typescript/4.6/package.json': {"private":true,"dependencies":{"types-registry":"^0.1.592"},"devDependencies":{"@types/eslint":"^8.4.2","@types/isomorphic-fetch":"^0.0.36","@types/node":"^17.0.33","@types/react":"^18.0.9","@types/react-dom":"^18.0.4"}}
[04:38:37.314] Loaded content of '/home/monster/spacemacs/.cache/typescript/4.6/package-lock.json'
[04:38:37.321] Adding entry into typings cache: 'eslint' => '/home/monster/spacemacs/.cache/typescript/4.6/node_modules/@types/eslint/index.d.ts'
[04:38:37.323] Adding entry into typings cache: 'isomorphic-fetch' => '/home/monster/spacemacs/.cache/typescript/4.6/node_modules/@types/isomorphic-fetch/index.d.ts'
[04:38:37.326] Adding entry into typings cache: 'node' => '/home/monster/spacemacs/.cache/typescript/4.6/node_modules/@types/node/index.d.ts'
[04:38:37.331] Adding entry into typings cache: 'react' => '/home/monster/spacemacs/.cache/typescript/4.6/node_modules/@types/react/index.d.ts'
[04:38:37.332] Adding entry into typings cache: 'react-dom' => '/home/monster/spacemacs/.cache/typescript/4.6/node_modules/@types/react-dom/index.d.ts'
[04:38:37.332] Finished processing cache location '/home/monster/spacemacs/.cache/typescript/4.6'
[04:38:37.332] Process id: 59059
[04:38:37.332] NPM location: /usr/bin/npm (explicit '--npmLocation' not  provided)
[04:38:37.332] validateDefaultNpmLocation: false
[04:38:37.332] Npm config file: /home/monster/spacemacs/.cache/typescript/4.6/package.json
[04:38:37.332] Updating types-registry npm package...
[04:38:37.333] Exec: /usr/bin/npm install --ignore-scripts types-registry@latest
[04:38:44.421]     Succeeded. stdout:
    
    up to date, audited 12 packages in 7s

found 0 vulnerabilities

[04:38:44.421] Updated types-registry npm package
