[04:39:47.684] Global cache location '/home/monster/spacemacs/.cache/typescript/4.6', safe file path '/usr/lib/node_modules/typescript/lib/typingSafeList.json', types map path /usr/lib/node_modules/typescript/lib/typesMap.json
[04:39:47.684] Processing cache location '/home/monster/spacemacs/.cache/typescript/4.6'
[04:39:47.684] Trying to find '/home/monster/spacemacs/.cache/typescript/4.6/package.json'...
[04:39:47.685] Loaded content of '/home/monster/spacemacs/.cache/typescript/4.6/package.json': {"private":true,"dependencies":{"types-registry":"^0.1.592"},"devDependencies":{"@types/eslint":"^8.4.2","@types/isomorphic-fetch":"^0.0.36","@types/node":"^17.0.33","@types/react":"^18.0.9","@types/react-dom":"^18.0.4"}}
[04:39:47.685] Loaded content of '/home/monster/spacemacs/.cache/typescript/4.6/package-lock.json'
[04:39:47.694] Adding entry into typings cache: 'eslint' => '/home/monster/spacemacs/.cache/typescript/4.6/node_modules/@types/eslint/index.d.ts'
[04:39:47.695] Adding entry into typings cache: 'isomorphic-fetch' => '/home/monster/spacemacs/.cache/typescript/4.6/node_modules/@types/isomorphic-fetch/index.d.ts'
[04:39:47.700] Adding entry into typings cache: 'node' => '/home/monster/spacemacs/.cache/typescript/4.6/node_modules/@types/node/index.d.ts'
[04:39:47.703] Adding entry into typings cache: 'react' => '/home/monster/spacemacs/.cache/typescript/4.6/node_modules/@types/react/index.d.ts'
[04:39:47.705] Adding entry into typings cache: 'react-dom' => '/home/monster/spacemacs/.cache/typescript/4.6/node_modules/@types/react-dom/index.d.ts'
[04:39:47.705] Finished processing cache location '/home/monster/spacemacs/.cache/typescript/4.6'
[04:39:47.705] Process id: 59308
[04:39:47.705] NPM location: /usr/bin/npm (explicit '--npmLocation' not  provided)
[04:39:47.705] validateDefaultNpmLocation: false
[04:39:47.705] Npm config file: /home/monster/spacemacs/.cache/typescript/4.6/package.json
[04:39:47.705] Updating types-registry npm package...
[04:39:47.705] Exec: /usr/bin/npm install --ignore-scripts types-registry@latest
[04:39:54.719]     Succeeded. stdout:
    
    up to date, audited 12 packages in 7s

found 0 vulnerabilities

[04:39:54.719] Updated types-registry npm package
