[04:44:48.683] Global cache location '/home/monster/spacemacs/.cache/typescript/4.6', safe file path '/usr/lib/node_modules/typescript/lib/typingSafeList.json', types map path /usr/lib/node_modules/typescript/lib/typesMap.json
[04:44:48.684] Processing cache location '/home/monster/spacemacs/.cache/typescript/4.6'
[04:44:48.684] Trying to find '/home/monster/spacemacs/.cache/typescript/4.6/package.json'...
[04:44:48.684] Loaded content of '/home/monster/spacemacs/.cache/typescript/4.6/package.json': {"private":true,"dependencies":{"types-registry":"^0.1.592"},"devDependencies":{"@types/eslint":"^8.4.2","@types/isomorphic-fetch":"^0.0.36","@types/node":"^17.0.33","@types/react":"^18.0.9","@types/react-dom":"^18.0.4"}}
[04:44:48.685] Loaded content of '/home/monster/spacemacs/.cache/typescript/4.6/package-lock.json'
[04:44:48.693] Adding entry into typings cache: 'eslint' => '/home/monster/spacemacs/.cache/typescript/4.6/node_modules/@types/eslint/index.d.ts'
[04:44:48.694] Adding entry into typings cache: 'isomorphic-fetch' => '/home/monster/spacemacs/.cache/typescript/4.6/node_modules/@types/isomorphic-fetch/index.d.ts'
[04:44:48.697] Adding entry into typings cache: 'node' => '/home/monster/spacemacs/.cache/typescript/4.6/node_modules/@types/node/index.d.ts'
[04:44:48.700] Adding entry into typings cache: 'react' => '/home/monster/spacemacs/.cache/typescript/4.6/node_modules/@types/react/index.d.ts'
[04:44:48.701] Adding entry into typings cache: 'react-dom' => '/home/monster/spacemacs/.cache/typescript/4.6/node_modules/@types/react-dom/index.d.ts'
[04:44:48.701] Finished processing cache location '/home/monster/spacemacs/.cache/typescript/4.6'
[04:44:48.702] Process id: 60800
[04:44:48.702] NPM location: /usr/bin/npm (explicit '--npmLocation' not  provided)
[04:44:48.702] validateDefaultNpmLocation: false
[04:44:48.702] Npm config file: /home/monster/spacemacs/.cache/typescript/4.6/package.json
[04:44:48.702] Updating types-registry npm package...
[04:44:48.702] Exec: /usr/bin/npm install --ignore-scripts types-registry@latest
[04:44:49.377]     Succeeded. stdout:
    
    up to date, audited 12 packages in 476ms

found 0 vulnerabilities

[04:44:49.377] Updated types-registry npm package
